{"/Users/johnmccants/Desktop/GA-Fall-Hackathon-2023/project/expo-env.d.ts": {"path":"/Users/johnmccants/Desktop/GA-Fall-Hackathon-2023/project/expo-env.d.ts","statementMap":{},"fnMap":{},"branchMap":{},"s":{},"f":{},"b":{}}
,"/Users/johnmccants/Desktop/GA-Fall-Hackathon-2023/project/.expo/types/router.d.ts": {"path":"/Users/johnmccants/Desktop/GA-Fall-Hackathon-2023/project/.expo/types/router.d.ts","statementMap":{},"fnMap":{},"branchMap":{},"s":{},"f":{},"b":{}}
,"/Users/johnmccants/Desktop/GA-Fall-Hackathon-2023/project/app/+html.tsx": {"path":"/Users/johnmccants/Desktop/GA-Fall-Hackathon-2023/project/app/+html.tsx","statementMap":{"0":{"start":{"line":8,"column":2},"end":{"line":35,"column":4}},"1":{"start":{"line":38,"column":29},"end":{"line":46,"column":2}}},"fnMap":{"0":{"name":"Root","decl":{"start":{"line":7,"column":24},"end":{"line":7,"column":28}},"loc":{"start":{"line":7,"column":74},"end":{"line":36,"column":1}},"line":7}},"branchMap":{},"s":{"0":0,"1":0},"f":{"0":0},"b":{}}
,"/Users/johnmccants/Desktop/GA-Fall-Hackathon-2023/project/app/[...missing].tsx": {"path":"/Users/johnmccants/Desktop/GA-Fall-Hackathon-2023/project/app/[...missing].tsx","statementMap":{"0":{"start":{"line":7,"column":2},"end":{"line":18,"column":4}},"1":{"start":{"line":21,"column":15},"end":{"line":40,"column":2}}},"fnMap":{"0":{"name":"NotFoundScreen","decl":{"start":{"line":6,"column":24},"end":{"line":6,"column":38}},"loc":{"start":{"line":6,"column":41},"end":{"line":19,"column":1}},"line":6}},"branchMap":{},"s":{"0":0,"1":0},"f":{"0":0},"b":{}}
,"/Users/johnmccants/Desktop/GA-Fall-Hackathon-2023/project/app/_layout.tsx": {"path":"/Users/johnmccants/Desktop/GA-Fall-Hackathon-2023/project/app/_layout.tsx","statementMap":{"0":{"start":{"line":23,"column":33},"end":{"line":26,"column":1}},"1":{"start":{"line":29,"column":0},"end":{"line":29,"column":36}},"2":{"start":{"line":32,"column":26},"end":{"line":39,"column":4}},"3":{"start":{"line":45,"column":2},"end":{"line":47,"column":14}},"4":{"start":{"line":46,"column":4},"end":{"line":46,"column":27}},"5":{"start":{"line":46,"column":15},"end":{"line":46,"column":27}},"6":{"start":{"line":49,"column":2},"end":{"line":53,"column":15}},"7":{"start":{"line":50,"column":4},"end":{"line":52,"column":5}},"8":{"start":{"line":51,"column":6},"end":{"line":51,"column":31}},"9":{"start":{"line":55,"column":2},"end":{"line":57,"column":3}},"10":{"start":{"line":56,"column":4},"end":{"line":56,"column":16}},"11":{"start":{"line":59,"column":2},"end":{"line":59,"column":27}},"12":{"start":{"line":63,"column":22},"end":{"line":63,"column":38}},"13":{"start":{"line":65,"column":2},"end":{"line":104,"column":4}}},"fnMap":{"0":{"name":"RootLayout","decl":{"start":{"line":31,"column":24},"end":{"line":31,"column":34}},"loc":{"start":{"line":31,"column":37},"end":{"line":60,"column":1}},"line":31},"1":{"name":"(anonymous_1)","decl":{"start":{"line":45,"column":12},"end":{"line":45,"column":13}},"loc":{"start":{"line":45,"column":18},"end":{"line":47,"column":3}},"line":45},"2":{"name":"(anonymous_2)","decl":{"start":{"line":49,"column":12},"end":{"line":49,"column":13}},"loc":{"start":{"line":49,"column":18},"end":{"line":53,"column":3}},"line":49},"3":{"name":"RootLayoutNav","decl":{"start":{"line":62,"column":9},"end":{"line":62,"column":22}},"loc":{"start":{"line":62,"column":25},"end":{"line":105,"column":1}},"line":62}},"branchMap":{"0":{"loc":{"start":{"line":46,"column":4},"end":{"line":46,"column":27}},"type":"if","locations":[{"start":{"line":46,"column":4},"end":{"line":46,"column":27}},{"start":{},"end":{}}],"line":46},"1":{"loc":{"start":{"line":50,"column":4},"end":{"line":52,"column":5}},"type":"if","locations":[{"start":{"line":50,"column":4},"end":{"line":52,"column":5}},{"start":{},"end":{}}],"line":50},"2":{"loc":{"start":{"line":55,"column":2},"end":{"line":57,"column":3}},"type":"if","locations":[{"start":{"line":55,"column":2},"end":{"line":57,"column":3}},{"start":{},"end":{}}],"line":55}},"s":{"0":0,"1":0,"2":0,"3":0,"4":0,"5":0,"6":0,"7":0,"8":0,"9":0,"10":0,"11":0,"12":0,"13":0},"f":{"0":0,"1":0,"2":0,"3":0},"b":{"0":[0,0],"1":[0,0],"2":[0,0]}}
,"/Users/johnmccants/Desktop/GA-Fall-Hackathon-2023/project/app/add-friend.tsx": {"path":"/Users/johnmccants/Desktop/GA-Fall-Hackathon-2023/project/app/add-friend.tsx","statementMap":{"0":{"start":{"line":10,"column":2},"end":{"line":24,"column":4}},"1":{"start":{"line":16,"column":24},"end":{"line":16,"column":34}},"2":{"start":{"line":27,"column":15},"end":{"line":42,"column":2}}},"fnMap":{"0":{"name":"Page","decl":{"start":{"line":9,"column":24},"end":{"line":9,"column":28}},"loc":{"start":{"line":9,"column":31},"end":{"line":25,"column":1}},"line":9},"1":{"name":"(anonymous_1)","decl":{"start":{"line":16,"column":18},"end":{"line":16,"column":19}},"loc":{"start":{"line":16,"column":24},"end":{"line":16,"column":34}},"line":16}},"branchMap":{},"s":{"0":0,"1":0,"2":0},"f":{"0":0,"1":0},"b":{}}
,"/Users/johnmccants/Desktop/GA-Fall-Hackathon-2023/project/app/settings.tsx": {"path":"/Users/johnmccants/Desktop/GA-Fall-Hackathon-2023/project/app/settings.tsx","statementMap":{"0":{"start":{"line":4,"column":2},"end":{"line":4,"column":28}}},"fnMap":{"0":{"name":"Page","decl":{"start":{"line":3,"column":24},"end":{"line":3,"column":28}},"loc":{"start":{"line":3,"column":31},"end":{"line":5,"column":1}},"line":3}},"branchMap":{},"s":{"0":0},"f":{"0":0},"b":{}}
,"/Users/johnmccants/Desktop/GA-Fall-Hackathon-2023/project/app/(auth)/_layout.tsx": {"path":"/Users/johnmccants/Desktop/GA-Fall-Hackathon-2023/project/app/(auth)/_layout.tsx","statementMap":{"0":{"start":{"line":5,"column":2},"end":{"line":5,"column":19}}},"fnMap":{"0":{"name":"AuthLayout","decl":{"start":{"line":4,"column":24},"end":{"line":4,"column":34}},"loc":{"start":{"line":4,"column":37},"end":{"line":6,"column":1}},"line":4}},"branchMap":{},"s":{"0":0},"f":{"0":0},"b":{}}
,"/Users/johnmccants/Desktop/GA-Fall-Hackathon-2023/project/app/(auth)/landing.tsx": {"path":"/Users/johnmccants/Desktop/GA-Fall-Hackathon-2023/project/app/(auth)/landing.tsx","statementMap":{"0":{"start":{"line":5,"column":13},"end":{"line":12,"column":1}},"1":{"start":{"line":6,"column":2},"end":{"line":11,"column":4}}},"fnMap":{"0":{"name":"(anonymous_0)","decl":{"start":{"line":5,"column":13},"end":{"line":5,"column":14}},"loc":{"start":{"line":5,"column":19},"end":{"line":12,"column":1}},"line":5}},"branchMap":{},"s":{"0":0,"1":0},"f":{"0":0},"b":{}}
,"/Users/johnmccants/Desktop/GA-Fall-Hackathon-2023/project/app/(auth)/login.tsx": {"path":"/Users/johnmccants/Desktop/GA-Fall-Hackathon-2023/project/app/(auth)/login.tsx","statementMap":{"0":{"start":{"line":6,"column":13},"end":{"line":17,"column":1}},"1":{"start":{"line":7,"column":2},"end":{"line":16,"column":4}}},"fnMap":{"0":{"name":"(anonymous_0)","decl":{"start":{"line":6,"column":13},"end":{"line":6,"column":14}},"loc":{"start":{"line":6,"column":19},"end":{"line":17,"column":1}},"line":6}},"branchMap":{},"s":{"0":0,"1":0},"f":{"0":0},"b":{}}
,"/Users/johnmccants/Desktop/GA-Fall-Hackathon-2023/project/app/(auth)/signup.tsx": {"path":"/Users/johnmccants/Desktop/GA-Fall-Hackathon-2023/project/app/(auth)/signup.tsx","statementMap":{"0":{"start":{"line":5,"column":13},"end":{"line":12,"column":1}},"1":{"start":{"line":6,"column":2},"end":{"line":11,"column":4}}},"fnMap":{"0":{"name":"(anonymous_0)","decl":{"start":{"line":5,"column":13},"end":{"line":5,"column":14}},"loc":{"start":{"line":5,"column":19},"end":{"line":12,"column":1}},"line":5}},"branchMap":{},"s":{"0":0,"1":0},"f":{"0":0},"b":{}}
,"/Users/johnmccants/Desktop/GA-Fall-Hackathon-2023/project/app/(tabs)/_layout.tsx": {"path":"/Users/johnmccants/Desktop/GA-Fall-Hackathon-2023/project/app/(tabs)/_layout.tsx","statementMap":{"0":{"start":{"line":16,"column":2},"end":{"line":16,"column":75}},"1":{"start":{"line":20,"column":22},"end":{"line":20,"column":38}},"2":{"start":{"line":22,"column":2},"end":{"line":163,"column":4}},"3":{"start":{"line":33,"column":10},"end":{"line":41,"column":18}},"4":{"start":{"line":44,"column":10},"end":{"line":50,"column":18}},"5":{"start":{"line":53,"column":10},"end":{"line":58,"column":17}},"6":{"start":{"line":67,"column":12},"end":{"line":72,"column":19}},"7":{"start":{"line":75,"column":12},"end":{"line":80,"column":19}},"8":{"start":{"line":105,"column":12},"end":{"line":110,"column":19}},"9":{"start":{"line":121,"column":12},"end":{"line":126,"column":19}},"10":{"start":{"line":137,"column":12},"end":{"line":142,"column":19}},"11":{"start":{"line":153,"column":12},"end":{"line":158,"column":19}}},"fnMap":{"0":{"name":"TabBarIcon","decl":{"start":{"line":12,"column":9},"end":{"line":12,"column":19}},"loc":{"start":{"line":15,"column":3},"end":{"line":17,"column":1}},"line":15},"1":{"name":"TabLayout","decl":{"start":{"line":19,"column":24},"end":{"line":19,"column":33}},"loc":{"start":{"line":19,"column":36},"end":{"line":164,"column":1}},"line":19},"2":{"name":"(anonymous_2)","decl":{"start":{"line":32,"column":26},"end":{"line":32,"column":27}},"loc":{"start":{"line":33,"column":10},"end":{"line":41,"column":18}},"line":33},"3":{"name":"(anonymous_3)","decl":{"start":{"line":43,"column":26},"end":{"line":43,"column":27}},"loc":{"start":{"line":44,"column":10},"end":{"line":50,"column":18}},"line":44},"4":{"name":"(anonymous_4)","decl":{"start":{"line":52,"column":21},"end":{"line":52,"column":22}},"loc":{"start":{"line":53,"column":10},"end":{"line":58,"column":17}},"line":53},"5":{"name":"(anonymous_5)","decl":{"start":{"line":66,"column":22},"end":{"line":66,"column":23}},"loc":{"start":{"line":67,"column":12},"end":{"line":72,"column":19}},"line":67},"6":{"name":"(anonymous_6)","decl":{"start":{"line":74,"column":23},"end":{"line":74,"column":24}},"loc":{"start":{"line":75,"column":12},"end":{"line":80,"column":19}},"line":75},"7":{"name":"(anonymous_7)","decl":{"start":{"line":104,"column":22},"end":{"line":104,"column":23}},"loc":{"start":{"line":105,"column":12},"end":{"line":110,"column":19}},"line":105},"8":{"name":"(anonymous_8)","decl":{"start":{"line":120,"column":22},"end":{"line":120,"column":23}},"loc":{"start":{"line":121,"column":12},"end":{"line":126,"column":19}},"line":121},"9":{"name":"(anonymous_9)","decl":{"start":{"line":136,"column":22},"end":{"line":136,"column":23}},"loc":{"start":{"line":137,"column":12},"end":{"line":142,"column":19}},"line":137},"10":{"name":"(anonymous_10)","decl":{"start":{"line":152,"column":22},"end":{"line":152,"column":23}},"loc":{"start":{"line":153,"column":12},"end":{"line":158,"column":19}},"line":153}},"branchMap":{},"s":{"0":0,"1":0,"2":0,"3":0,"4":0,"5":0,"6":0,"7":0,"8":0,"9":0,"10":0,"11":0},"f":{"0":0,"1":0,"2":0,"3":0,"4":0,"5":0,"6":0,"7":0,"8":0,"9":0,"10":0},"b":{}}
,"/Users/johnmccants/Desktop/GA-Fall-Hackathon-2023/project/app/(tabs)/calendar.tsx": {"path":"/Users/johnmccants/Desktop/GA-Fall-Hackathon-2023/project/app/(tabs)/calendar.tsx","statementMap":{"0":{"start":{"line":5,"column":13},"end":{"line":7,"column":1}},"1":{"start":{"line":6,"column":2},"end":{"line":6,"column":22}}},"fnMap":{"0":{"name":"(anonymous_0)","decl":{"start":{"line":5,"column":13},"end":{"line":5,"column":14}},"loc":{"start":{"line":5,"column":19},"end":{"line":7,"column":1}},"line":5}},"branchMap":{},"s":{"0":0,"1":0},"f":{"0":0},"b":{}}
,"/Users/johnmccants/Desktop/GA-Fall-Hackathon-2023/project/app/(tabs)/gifts.tsx": {"path":"/Users/johnmccants/Desktop/GA-Fall-Hackathon-2023/project/app/(tabs)/gifts.tsx","statementMap":{"0":{"start":{"line":5,"column":13},"end":{"line":7,"column":1}},"1":{"start":{"line":6,"column":2},"end":{"line":6,"column":19}}},"fnMap":{"0":{"name":"(anonymous_0)","decl":{"start":{"line":5,"column":13},"end":{"line":5,"column":14}},"loc":{"start":{"line":5,"column":19},"end":{"line":7,"column":1}},"line":5}},"branchMap":{},"s":{"0":0,"1":0},"f":{"0":0},"b":{}}
,"/Users/johnmccants/Desktop/GA-Fall-Hackathon-2023/project/app/(tabs)/index.tsx": {"path":"/Users/johnmccants/Desktop/GA-Fall-Hackathon-2023/project/app/(tabs)/index.tsx","statementMap":{"0":{"start":{"line":10,"column":17},"end":{"line":10,"column":28}},"1":{"start":{"line":11,"column":2},"end":{"line":34,"column":4}},"2":{"start":{"line":37,"column":15},"end":{"line":73,"column":2}}},"fnMap":{"0":{"name":"TabOneScreen","decl":{"start":{"line":9,"column":24},"end":{"line":9,"column":36}},"loc":{"start":{"line":9,"column":39},"end":{"line":35,"column":1}},"line":9}},"branchMap":{},"s":{"0":0,"1":0,"2":0},"f":{"0":0},"b":{}}
,"/Users/johnmccants/Desktop/GA-Fall-Hackathon-2023/project/app/(tabs)/profile.tsx": {"path":"/Users/johnmccants/Desktop/GA-Fall-Hackathon-2023/project/app/(tabs)/profile.tsx","statementMap":{"0":{"start":{"line":9,"column":2},"end":{"line":9,"column":38}}},"fnMap":{"0":{"name":"Page","decl":{"start":{"line":8,"column":24},"end":{"line":8,"column":28}},"loc":{"start":{"line":8,"column":31},"end":{"line":10,"column":1}},"line":8}},"branchMap":{},"s":{"0":0},"f":{"0":0},"b":{}}
,"/Users/johnmccants/Desktop/GA-Fall-Hackathon-2023/project/app/(tabs)/reminders.tsx": {"path":"/Users/johnmccants/Desktop/GA-Fall-Hackathon-2023/project/app/(tabs)/reminders.tsx","statementMap":{"0":{"start":{"line":5,"column":13},"end":{"line":7,"column":1}},"1":{"start":{"line":6,"column":2},"end":{"line":6,"column":23}}},"fnMap":{"0":{"name":"(anonymous_0)","decl":{"start":{"line":5,"column":13},"end":{"line":5,"column":14}},"loc":{"start":{"line":5,"column":19},"end":{"line":7,"column":1}},"line":5}},"branchMap":{},"s":{"0":0,"1":0},"f":{"0":0},"b":{}}
,"/Users/johnmccants/Desktop/GA-Fall-Hackathon-2023/project/app/users/[id]/add-tags.tsx": {"path":"/Users/johnmccants/Desktop/GA-Fall-Hackathon-2023/project/app/users/[id]/add-tags.tsx","statementMap":{"0":{"start":{"line":6,"column":13},"end":{"line":20,"column":1}},"1":{"start":{"line":7,"column":2},"end":{"line":19,"column":4}},"2":{"start":{"line":13,"column":24},"end":{"line":13,"column":34}}},"fnMap":{"0":{"name":"(anonymous_0)","decl":{"start":{"line":6,"column":13},"end":{"line":6,"column":14}},"loc":{"start":{"line":6,"column":19},"end":{"line":20,"column":1}},"line":6},"1":{"name":"(anonymous_1)","decl":{"start":{"line":13,"column":18},"end":{"line":13,"column":19}},"loc":{"start":{"line":13,"column":24},"end":{"line":13,"column":34}},"line":13}},"branchMap":{},"s":{"0":0,"1":0,"2":0},"f":{"0":0,"1":0},"b":{}}
,"/Users/johnmccants/Desktop/GA-Fall-Hackathon-2023/project/app/users/[id]/edit-tags.tsx": {"path":"/Users/johnmccants/Desktop/GA-Fall-Hackathon-2023/project/app/users/[id]/edit-tags.tsx","statementMap":{"0":{"start":{"line":6,"column":13},"end":{"line":13,"column":1}},"1":{"start":{"line":7,"column":2},"end":{"line":12,"column":4}},"2":{"start":{"line":9,"column":45},"end":{"line":9,"column":55}}},"fnMap":{"0":{"name":"(anonymous_0)","decl":{"start":{"line":6,"column":13},"end":{"line":6,"column":14}},"loc":{"start":{"line":6,"column":19},"end":{"line":13,"column":1}},"line":6},"1":{"name":"(anonymous_1)","decl":{"start":{"line":9,"column":39},"end":{"line":9,"column":40}},"loc":{"start":{"line":9,"column":45},"end":{"line":9,"column":55}},"line":9}},"branchMap":{},"s":{"0":0,"1":0,"2":0},"f":{"0":0,"1":0},"b":{}}
,"/Users/johnmccants/Desktop/GA-Fall-Hackathon-2023/project/app/users/[id]/filters.tsx": {"path":"/Users/johnmccants/Desktop/GA-Fall-Hackathon-2023/project/app/users/[id]/filters.tsx","statementMap":{"0":{"start":{"line":6,"column":13},"end":{"line":22,"column":1}},"1":{"start":{"line":7,"column":2},"end":{"line":21,"column":4}},"2":{"start":{"line":13,"column":24},"end":{"line":13,"column":34}}},"fnMap":{"0":{"name":"(anonymous_0)","decl":{"start":{"line":6,"column":13},"end":{"line":6,"column":14}},"loc":{"start":{"line":6,"column":19},"end":{"line":22,"column":1}},"line":6},"1":{"name":"(anonymous_1)","decl":{"start":{"line":13,"column":18},"end":{"line":13,"column":19}},"loc":{"start":{"line":13,"column":24},"end":{"line":13,"column":34}},"line":13}},"branchMap":{},"s":{"0":0,"1":0,"2":0},"f":{"0":0,"1":0},"b":{}}
,"/Users/johnmccants/Desktop/GA-Fall-Hackathon-2023/project/app/users/[id]/index.tsx": {"path":"/Users/johnmccants/Desktop/GA-Fall-Hackathon-2023/project/app/users/[id]/index.tsx","statementMap":{"0":{"start":{"line":3,"column":13},"end":{"line":15,"column":1}},"1":{"start":{"line":4,"column":17},"end":{"line":4,"column":39}},"2":{"start":{"line":6,"column":13},"end":{"line":6,"column":22}},"3":{"start":{"line":8,"column":2},"end":{"line":14,"column":4}}},"fnMap":{"0":{"name":"(anonymous_0)","decl":{"start":{"line":3,"column":13},"end":{"line":3,"column":14}},"loc":{"start":{"line":3,"column":19},"end":{"line":15,"column":1}},"line":3}},"branchMap":{},"s":{"0":0,"1":0,"2":0,"3":0},"f":{"0":0},"b":{}}
,"/Users/johnmccants/Desktop/GA-Fall-Hackathon-2023/project/app/users/[id]/update.tsx": {"path":"/Users/johnmccants/Desktop/GA-Fall-Hackathon-2023/project/app/users/[id]/update.tsx","statementMap":{"0":{"start":{"line":7,"column":13},"end":{"line":21,"column":1}},"1":{"start":{"line":8,"column":2},"end":{"line":20,"column":4}},"2":{"start":{"line":14,"column":24},"end":{"line":14,"column":34}}},"fnMap":{"0":{"name":"(anonymous_0)","decl":{"start":{"line":7,"column":13},"end":{"line":7,"column":14}},"loc":{"start":{"line":7,"column":19},"end":{"line":21,"column":1}},"line":7},"1":{"name":"(anonymous_1)","decl":{"start":{"line":14,"column":18},"end":{"line":14,"column":19}},"loc":{"start":{"line":14,"column":24},"end":{"line":14,"column":34}},"line":14}},"branchMap":{},"s":{"0":0,"1":0,"2":0},"f":{"0":0,"1":0},"b":{}}
,"/Users/johnmccants/Desktop/GA-Fall-Hackathon-2023/project/components/AddBirthday.tsx": {"path":"/Users/johnmccants/Desktop/GA-Fall-Hackathon-2023/project/components/AddBirthday.tsx","statementMap":{"0":{"start":{"line":15,"column":36},"end":{"line":15,"column":48}},"1":{"start":{"line":16,"column":34},"end":{"line":16,"column":46}},"2":{"start":{"line":17,"column":34},"end":{"line":17,"column":54}},"3":{"start":{"line":18,"column":46},"end":{"line":18,"column":61}},"4":{"start":{"line":20,"column":23},"end":{"line":24,"column":3}},"5":{"start":{"line":21,"column":24},"end":{"line":21,"column":48}},"6":{"start":{"line":22,"column":4},"end":{"line":22,"column":29}},"7":{"start":{"line":23,"column":4},"end":{"line":23,"column":45}},"8":{"start":{"line":26,"column":19},"end":{"line":28,"column":3}},"9":{"start":{"line":30,"column":2},"end":{"line":60,"column":4}},"10":{"start":{"line":45,"column":23},"end":{"line":45,"column":46}},"11":{"start":{"line":63,"column":15},"end":{"line":88,"column":2}}},"fnMap":{"0":{"name":"AddBirthdayScreen","decl":{"start":{"line":14,"column":24},"end":{"line":14,"column":41}},"loc":{"start":{"line":14,"column":44},"end":{"line":61,"column":1}},"line":14},"1":{"name":"(anonymous_1)","decl":{"start":{"line":20,"column":23},"end":{"line":20,"column":24}},"loc":{"start":{"line":20,"column":48},"end":{"line":24,"column":3}},"line":20},"2":{"name":"(anonymous_2)","decl":{"start":{"line":26,"column":19},"end":{"line":26,"column":20}},"loc":{"start":{"line":26,"column":25},"end":{"line":28,"column":3}},"line":26},"3":{"name":"(anonymous_3)","decl":{"start":{"line":45,"column":17},"end":{"line":45,"column":18}},"loc":{"start":{"line":45,"column":23},"end":{"line":45,"column":46}},"line":45}},"branchMap":{"0":{"loc":{"start":{"line":21,"column":24},"end":{"line":21,"column":48}},"type":"binary-expr","locations":[{"start":{"line":21,"column":24},"end":{"line":21,"column":36}},{"start":{"line":21,"column":40},"end":{"line":21,"column":48}}],"line":21},"1":{"loc":{"start":{"line":50,"column":7},"end":{"line":57,"column":7}},"type":"binary-expr","locations":[{"start":{"line":50,"column":7},"end":{"line":50,"column":21}},{"start":{"line":51,"column":8},"end":{"line":56,"column":10}}],"line":50}},"s":{"0":0,"1":0,"2":0,"3":0,"4":0,"5":0,"6":0,"7":0,"8":0,"9":0,"10":0,"11":0},"f":{"0":0,"1":0,"2":0,"3":0},"b":{"0":[0,0],"1":[0,0]}}
,"/Users/johnmccants/Desktop/GA-Fall-Hackathon-2023/project/components/AddBirthday2.tsx": {"path":"/Users/johnmccants/Desktop/GA-Fall-Hackathon-2023/project/components/AddBirthday2.tsx","statementMap":{"0":{"start":{"line":17,"column":36},"end":{"line":17,"column":48}},"1":{"start":{"line":18,"column":34},"end":{"line":18,"column":46}},"2":{"start":{"line":19,"column":26},"end":{"line":19,"column":46}},"3":{"start":{"line":20,"column":46},"end":{"line":20,"column":61}},"4":{"start":{"line":22,"column":34},"end":{"line":22,"column":46}},"5":{"start":{"line":23,"column":30},"end":{"line":23,"column":42}},"6":{"start":{"line":24,"column":38},"end":{"line":24,"column":50}},"7":{"start":{"line":25,"column":32},"end":{"line":25,"column":44}},"8":{"start":{"line":27,"column":44},"end":{"line":27,"column":59}},"9":{"start":{"line":28,"column":50},"end":{"line":28,"column":70}},"10":{"start":{"line":30,"column":15},"end":{"line":35,"column":3}},"11":{"start":{"line":37,"column":20},"end":{"line":40,"column":3}},"12":{"start":{"line":38,"column":4},"end":{"line":38,"column":39}},"13":{"start":{"line":39,"column":4},"end":{"line":39,"column":26}},"14":{"start":{"line":42,"column":23},"end":{"line":58,"column":3}},"15":{"start":{"line":43,"column":4},"end":{"line":56,"column":5}},"16":{"start":{"line":45,"column":8},"end":{"line":45,"column":28}},"17":{"start":{"line":46,"column":8},"end":{"line":46,"column":14}},"18":{"start":{"line":48,"column":8},"end":{"line":48,"column":26}},"19":{"start":{"line":49,"column":8},"end":{"line":49,"column":14}},"20":{"start":{"line":51,"column":8},"end":{"line":51,"column":30}},"21":{"start":{"line":52,"column":8},"end":{"line":52,"column":14}},"22":{"start":{"line":54,"column":8},"end":{"line":54,"column":27}},"23":{"start":{"line":55,"column":8},"end":{"line":55,"column":14}},"24":{"start":{"line":57,"column":4},"end":{"line":57,"column":27}},"25":{"start":{"line":60,"column":27},"end":{"line":64,"column":3}},"26":{"start":{"line":61,"column":24},"end":{"line":61,"column":44}},"27":{"start":{"line":62,"column":4},"end":{"line":62,"column":45}},"28":{"start":{"line":63,"column":4},"end":{"line":63,"column":25}},"29":{"start":{"line":66,"column":23},"end":{"line":84,"column":3}},"30":{"start":{"line":67,"column":4},"end":{"line":70,"column":5}},"31":{"start":{"line":68,"column":6},"end":{"line":68,"column":57}},"32":{"start":{"line":69,"column":6},"end":{"line":69,"column":13}},"33":{"start":{"line":72,"column":26},"end":{"line":74,"column":67}},"34":{"start":{"line":75,"column":4},"end":{"line":78,"column":6}},"35":{"start":{"line":81,"column":4},"end":{"line":81,"column":21}},"36":{"start":{"line":82,"column":4},"end":{"line":82,"column":20}},"37":{"start":{"line":83,"column":4},"end":{"line":83,"column":24}},"38":{"start":{"line":86,"column":2},"end":{"line":177,"column":4}},"39":{"start":{"line":106,"column":25},"end":{"line":106,"column":48}},"40":{"start":{"line":122,"column":25},"end":{"line":122,"column":46}},"41":{"start":{"line":128,"column":25},"end":{"line":128,"column":44}},"42":{"start":{"line":134,"column":25},"end":{"line":134,"column":48}},"43":{"start":{"line":142,"column":25},"end":{"line":142,"column":45}},"44":{"start":{"line":165,"column":12},"end":{"line":171,"column":31}},"45":{"start":{"line":168,"column":29},"end":{"line":168,"column":49}},"46":{"start":{"line":173,"column":47},"end":{"line":173,"column":69}},"47":{"start":{"line":180,"column":15},"end":{"line":263,"column":2}}},"fnMap":{"0":{"name":"AddBirthdayScreen","decl":{"start":{"line":16,"column":24},"end":{"line":16,"column":41}},"loc":{"start":{"line":16,"column":44},"end":{"line":178,"column":1}},"line":16},"1":{"name":"(anonymous_1)","decl":{"start":{"line":37,"column":20},"end":{"line":37,"column":21}},"loc":{"start":{"line":37,"column":39},"end":{"line":40,"column":3}},"line":37},"2":{"name":"(anonymous_2)","decl":{"start":{"line":42,"column":23},"end":{"line":42,"column":24}},"loc":{"start":{"line":42,"column":35},"end":{"line":58,"column":3}},"line":42},"3":{"name":"(anonymous_3)","decl":{"start":{"line":60,"column":27},"end":{"line":60,"column":28}},"loc":{"start":{"line":60,"column":52},"end":{"line":64,"column":3}},"line":60},"4":{"name":"(anonymous_4)","decl":{"start":{"line":66,"column":23},"end":{"line":66,"column":24}},"loc":{"start":{"line":66,"column":29},"end":{"line":84,"column":3}},"line":66},"5":{"name":"(anonymous_5)","decl":{"start":{"line":106,"column":19},"end":{"line":106,"column":20}},"loc":{"start":{"line":106,"column":25},"end":{"line":106,"column":48}},"line":106},"6":{"name":"(anonymous_6)","decl":{"start":{"line":122,"column":19},"end":{"line":122,"column":20}},"loc":{"start":{"line":122,"column":25},"end":{"line":122,"column":46}},"line":122},"7":{"name":"(anonymous_7)","decl":{"start":{"line":128,"column":19},"end":{"line":128,"column":20}},"loc":{"start":{"line":128,"column":25},"end":{"line":128,"column":44}},"line":128},"8":{"name":"(anonymous_8)","decl":{"start":{"line":134,"column":19},"end":{"line":134,"column":20}},"loc":{"start":{"line":134,"column":25},"end":{"line":134,"column":48}},"line":134},"9":{"name":"(anonymous_9)","decl":{"start":{"line":142,"column":19},"end":{"line":142,"column":20}},"loc":{"start":{"line":142,"column":25},"end":{"line":142,"column":45}},"line":142},"10":{"name":"(anonymous_10)","decl":{"start":{"line":164,"column":43},"end":{"line":164,"column":44}},"loc":{"start":{"line":165,"column":12},"end":{"line":171,"column":31}},"line":165},"11":{"name":"(anonymous_11)","decl":{"start":{"line":168,"column":23},"end":{"line":168,"column":24}},"loc":{"start":{"line":168,"column":29},"end":{"line":168,"column":49}},"line":168},"12":{"name":"(anonymous_12)","decl":{"start":{"line":173,"column":41},"end":{"line":173,"column":42}},"loc":{"start":{"line":173,"column":47},"end":{"line":173,"column":69}},"line":173}},"branchMap":{"0":{"loc":{"start":{"line":43,"column":4},"end":{"line":56,"column":5}},"type":"switch","locations":[{"start":{"line":44,"column":6},"end":{"line":46,"column":14}},{"start":{"line":47,"column":6},"end":{"line":49,"column":14}},{"start":{"line":50,"column":6},"end":{"line":52,"column":14}},{"start":{"line":53,"column":6},"end":{"line":55,"column":14}}],"line":43},"1":{"loc":{"start":{"line":61,"column":24},"end":{"line":61,"column":44}},"type":"binary-expr","locations":[{"start":{"line":61,"column":24},"end":{"line":61,"column":36}},{"start":{"line":61,"column":40},"end":{"line":61,"column":44}}],"line":61},"2":{"loc":{"start":{"line":67,"column":4},"end":{"line":70,"column":5}},"type":"if","locations":[{"start":{"line":67,"column":4},"end":{"line":70,"column":5}},{"start":{},"end":{}}],"line":67},"3":{"loc":{"start":{"line":67,"column":8},"end":{"line":67,"column":31}},"type":"binary-expr","locations":[{"start":{"line":67,"column":8},"end":{"line":67,"column":18}},{"start":{"line":67,"column":22},"end":{"line":67,"column":31}}],"line":67},"4":{"loc":{"start":{"line":111,"column":9},"end":{"line":118,"column":9}},"type":"binary-expr","locations":[{"start":{"line":111,"column":9},"end":{"line":111,"column":23}},{"start":{"line":112,"column":10},"end":{"line":117,"column":12}}],"line":111},"5":{"loc":{"start":{"line":124,"column":43},"end":{"line":124,"column":72}},"type":"binary-expr","locations":[{"start":{"line":124,"column":43},"end":{"line":124,"column":51}},{"start":{"line":124,"column":55},"end":{"line":124,"column":72}}],"line":124},"6":{"loc":{"start":{"line":130,"column":43},"end":{"line":130,"column":68}},"type":"binary-expr","locations":[{"start":{"line":130,"column":43},"end":{"line":130,"column":49}},{"start":{"line":130,"column":53},"end":{"line":130,"column":68}}],"line":130},"7":{"loc":{"start":{"line":137,"column":13},"end":{"line":137,"column":46}},"type":"binary-expr","locations":[{"start":{"line":137,"column":13},"end":{"line":137,"column":23}},{"start":{"line":137,"column":27},"end":{"line":137,"column":46}}],"line":137},"8":{"loc":{"start":{"line":144,"column":43},"end":{"line":144,"column":70}},"type":"binary-expr","locations":[{"start":{"line":144,"column":43},"end":{"line":144,"column":50}},{"start":{"line":144,"column":54},"end":{"line":144,"column":70}}],"line":144}},"s":{"0":0,"1":0,"2":0,"3":0,"4":0,"5":0,"6":0,"7":0,"8":0,"9":0,"10":0,"11":0,"12":0,"13":0,"14":0,"15":0,"16":0,"17":0,"18":0,"19":0,"20":0,"21":0,"22":0,"23":0,"24":0,"25":0,"26":0,"27":0,"28":0,"29":0,"30":0,"31":0,"32":0,"33":0,"34":0,"35":0,"36":0,"37":0,"38":0,"39":0,"40":0,"41":0,"42":0,"43":0,"44":0,"45":0,"46":0,"47":0},"f":{"0":0,"1":0,"2":0,"3":0,"4":0,"5":0,"6":0,"7":0,"8":0,"9":0,"10":0,"11":0,"12":0},"b":{"0":[0,0,0,0],"1":[0,0],"2":[0,0],"3":[0,0],"4":[0,0],"5":[0,0],"6":[0,0],"7":[0,0],"8":[0,0]}}
,"/Users/johnmccants/Desktop/GA-Fall-Hackathon-2023/project/components/AddButton.tsx": {"path":"/Users/johnmccants/Desktop/GA-Fall-Hackathon-2023/project/components/AddButton.tsx","statementMap":{"0":{"start":{"line":6,"column":18},"end":{"line":27,"column":1}},"1":{"start":{"line":7,"column":17},"end":{"line":7,"column":28}},"2":{"start":{"line":9,"column":2},"end":{"line":26,"column":4}},"3":{"start":{"line":11,"column":21},"end":{"line":11,"column":42}},"4":{"start":{"line":29,"column":15},"end":{"line":64,"column":2}}},"fnMap":{"0":{"name":"(anonymous_0)","decl":{"start":{"line":6,"column":18},"end":{"line":6,"column":19}},"loc":{"start":{"line":6,"column":24},"end":{"line":27,"column":1}},"line":6},"1":{"name":"(anonymous_1)","decl":{"start":{"line":11,"column":15},"end":{"line":11,"column":16}},"loc":{"start":{"line":11,"column":21},"end":{"line":11,"column":42}},"line":11}},"branchMap":{},"s":{"0":0,"1":0,"2":0,"3":0,"4":0},"f":{"0":0,"1":0},"b":{}}
,"/Users/johnmccants/Desktop/GA-Fall-Hackathon-2023/project/components/AddTags.tsx": {"path":"/Users/johnmccants/Desktop/GA-Fall-Hackathon-2023/project/components/AddTags.tsx","statementMap":{"0":{"start":{"line":19,"column":17},"end":{"line":19,"column":39}},"1":{"start":{"line":21,"column":36},"end":{"line":21,"column":48}},"2":{"start":{"line":22,"column":36},"end":{"line":27,"column":4}},"3":{"start":{"line":28,"column":24},"end":{"line":42,"column":3}},"4":{"start":{"line":43,"column":32},"end":{"line":43,"column":47}},"5":{"start":{"line":44,"column":17},"end":{"line":44,"column":28}},"6":{"start":{"line":45,"column":24},"end":{"line":45,"column":44}},"7":{"start":{"line":46,"column":30},"end":{"line":46,"column":44}},"8":{"start":{"line":48,"column":20},"end":{"line":53,"column":3}},"9":{"start":{"line":49,"column":23},"end":{"line":49,"column":69}},"10":{"start":{"line":51,"column":4},"end":{"line":51,"column":34}},"11":{"start":{"line":52,"column":4},"end":{"line":52,"column":26}},"12":{"start":{"line":55,"column":2},"end":{"line":57,"column":9}},"13":{"start":{"line":56,"column":4},"end":{"line":56,"column":16}},"14":{"start":{"line":59,"column":2},"end":{"line":59,"column":35}},"15":{"start":{"line":61,"column":25},"end":{"line":65,"column":3}},"16":{"start":{"line":62,"column":4},"end":{"line":64,"column":5}},"17":{"start":{"line":63,"column":6},"end":{"line":63,"column":45}},"18":{"start":{"line":63,"column":29},"end":{"line":63,"column":43}},"19":{"start":{"line":67,"column":29},"end":{"line":72,"column":3}},"20":{"start":{"line":68,"column":4},"end":{"line":71,"column":5}},"21":{"start":{"line":69,"column":6},"end":{"line":69,"column":51}},"22":{"start":{"line":69,"column":29},"end":{"line":69,"column":49}},"23":{"start":{"line":70,"column":6},"end":{"line":70,"column":23}},"24":{"start":{"line":76,"column":4},"end":{"line":76,"column":67}},"25":{"start":{"line":79,"column":23},"end":{"line":96,"column":3}},"26":{"start":{"line":80,"column":4},"end":{"line":80,"column":21}},"27":{"start":{"line":82,"column":4},"end":{"line":92,"column":5}},"28":{"start":{"line":83,"column":6},"end":{"line":88,"column":9}},"29":{"start":{"line":84,"column":8},"end":{"line":87,"column":11}},"30":{"start":{"line":91,"column":6},"end":{"line":91,"column":24}},"31":{"start":{"line":94,"column":4},"end":{"line":94,"column":24}},"32":{"start":{"line":95,"column":4},"end":{"line":95,"column":22}},"33":{"start":{"line":98,"column":2},"end":{"line":196,"column":4}},"34":{"start":{"line":149,"column":12},"end":{"line":149,"column":42}},"35":{"start":{"line":154,"column":14},"end":{"line":156,"column":21}},"36":{"start":{"line":165,"column":12},"end":{"line":180,"column":19}},"37":{"start":{"line":169,"column":18},"end":{"line":177,"column":37}},"38":{"start":{"line":171,"column":35},"end":{"line":171,"column":54}},"39":{"start":{"line":187,"column":12},"end":{"line":187,"column":27}},"40":{"start":{"line":199,"column":15},"end":{"line":276,"column":2}}},"fnMap":{"0":{"name":"AddTags","decl":{"start":{"line":18,"column":24},"end":{"line":18,"column":31}},"loc":{"start":{"line":18,"column":34},"end":{"line":197,"column":1}},"line":18},"1":{"name":"(anonymous_1)","decl":{"start":{"line":48,"column":20},"end":{"line":48,"column":21}},"loc":{"start":{"line":48,"column":32},"end":{"line":53,"column":3}},"line":48},"2":{"name":"(anonymous_2)","decl":{"start":{"line":55,"column":12},"end":{"line":55,"column":13}},"loc":{"start":{"line":55,"column":18},"end":{"line":57,"column":3}},"line":55},"3":{"name":"(anonymous_3)","decl":{"start":{"line":59,"column":12},"end":{"line":59,"column":13}},"loc":{"start":{"line":59,"column":18},"end":{"line":59,"column":20}},"line":59},"4":{"name":"(anonymous_4)","decl":{"start":{"line":61,"column":25},"end":{"line":61,"column":26}},"loc":{"start":{"line":61,"column":34},"end":{"line":65,"column":3}},"line":61},"5":{"name":"(anonymous_5)","decl":{"start":{"line":63,"column":19},"end":{"line":63,"column":20}},"loc":{"start":{"line":63,"column":29},"end":{"line":63,"column":43}},"line":63},"6":{"name":"(anonymous_6)","decl":{"start":{"line":67,"column":29},"end":{"line":67,"column":30}},"loc":{"start":{"line":67,"column":35},"end":{"line":72,"column":3}},"line":67},"7":{"name":"(anonymous_7)","decl":{"start":{"line":69,"column":19},"end":{"line":69,"column":20}},"loc":{"start":{"line":69,"column":29},"end":{"line":69,"column":49}},"line":69},"8":{"name":"scrollViewSizeChanged","decl":{"start":{"line":74,"column":11},"end":{"line":74,"column":32}},"loc":{"start":{"line":74,"column":41},"end":{"line":77,"column":3}},"line":74},"9":{"name":"(anonymous_9)","decl":{"start":{"line":79,"column":23},"end":{"line":79,"column":24}},"loc":{"start":{"line":79,"column":35},"end":{"line":96,"column":3}},"line":79},"10":{"name":"(anonymous_10)","decl":{"start":{"line":83,"column":24},"end":{"line":83,"column":25}},"loc":{"start":{"line":83,"column":39},"end":{"line":88,"column":7}},"line":83},"11":{"name":"(anonymous_11)","decl":{"start":{"line":148,"column":31},"end":{"line":148,"column":32}},"loc":{"start":{"line":148,"column":50},"end":{"line":150,"column":11}},"line":148},"12":{"name":"(anonymous_12)","decl":{"start":{"line":153,"column":27},"end":{"line":153,"column":28}},"loc":{"start":{"line":154,"column":14},"end":{"line":156,"column":21}},"line":154},"13":{"name":"(anonymous_13)","decl":{"start":{"line":164,"column":45},"end":{"line":164,"column":46}},"loc":{"start":{"line":165,"column":12},"end":{"line":180,"column":19}},"line":165},"14":{"name":"(anonymous_14)","decl":{"start":{"line":168,"column":26},"end":{"line":168,"column":27}},"loc":{"start":{"line":169,"column":18},"end":{"line":177,"column":37}},"line":169},"15":{"name":"(anonymous_15)","decl":{"start":{"line":171,"column":29},"end":{"line":171,"column":30}},"loc":{"start":{"line":171,"column":35},"end":{"line":171,"column":54}},"line":171},"16":{"name":"(anonymous_16)","decl":{"start":{"line":186,"column":19},"end":{"line":186,"column":20}},"loc":{"start":{"line":186,"column":25},"end":{"line":188,"column":11}},"line":186}},"branchMap":{"0":{"loc":{"start":{"line":62,"column":4},"end":{"line":64,"column":5}},"type":"if","locations":[{"start":{"line":62,"column":4},"end":{"line":64,"column":5}},{"start":{},"end":{}}],"line":62},"1":{"loc":{"start":{"line":68,"column":4},"end":{"line":71,"column":5}},"type":"if","locations":[{"start":{"line":68,"column":4},"end":{"line":71,"column":5}},{"start":{},"end":{}}],"line":68},"2":{"loc":{"start":{"line":68,"column":8},"end":{"line":68,"column":58}},"type":"binary-expr","locations":[{"start":{"line":68,"column":8},"end":{"line":68,"column":38}},{"start":{"line":68,"column":42},"end":{"line":68,"column":58}}],"line":68}},"s":{"0":0,"1":0,"2":0,"3":0,"4":0,"5":0,"6":0,"7":0,"8":0,"9":0,"10":0,"11":0,"12":0,"13":0,"14":0,"15":0,"16":0,"17":0,"18":0,"19":0,"20":0,"21":0,"22":0,"23":0,"24":0,"25":0,"26":0,"27":0,"28":0,"29":0,"30":0,"31":0,"32":0,"33":0,"34":0,"35":0,"36":0,"37":0,"38":0,"39":0,"40":1},"f":{"0":0,"1":0,"2":0,"3":0,"4":0,"5":0,"6":0,"7":0,"8":0,"9":0,"10":0,"11":0,"12":0,"13":0,"14":0,"15":0,"16":0},"b":{"0":[0,0],"1":[0,0],"2":[0,0]},"_coverageSchema":"1a1c01bbd47fc00a2c39e90264f33305004495a9","hash":"8506d58a468e5d2214907f156f19551f31eb4565"}
,"/Users/johnmccants/Desktop/GA-Fall-Hackathon-2023/project/components/AuthContext.tsx": {"path":"/Users/johnmccants/Desktop/GA-Fall-Hackathon-2023/project/components/AuthContext.tsx","statementMap":{"0":{"start":{"line":8,"column":20},"end":{"line":8,"column":39}},"1":{"start":{"line":11,"column":19},"end":{"line":11,"column":32}},"2":{"start":{"line":12,"column":17},"end":{"line":12,"column":28}},"3":{"start":{"line":14,"column":2},"end":{"line":34,"column":14}},"4":{"start":{"line":15,"column":24},"end":{"line":15,"column":48}},"5":{"start":{"line":17,"column":4},"end":{"line":33,"column":5}},"6":{"start":{"line":18,"column":6},"end":{"line":24,"column":12}},"7":{"start":{"line":19,"column":8},"end":{"line":23,"column":9}},"8":{"start":{"line":20,"column":10},"end":{"line":20,"column":37}},"9":{"start":{"line":21,"column":15},"end":{"line":23,"column":9}},"10":{"start":{"line":22,"column":10},"end":{"line":22,"column":30}},"11":{"start":{"line":26,"column":6},"end":{"line":32,"column":9}},"12":{"start":{"line":27,"column":8},"end":{"line":31,"column":9}},"13":{"start":{"line":28,"column":10},"end":{"line":28,"column":37}},"14":{"start":{"line":29,"column":15},"end":{"line":31,"column":9}},"15":{"start":{"line":30,"column":10},"end":{"line":30,"column":30}},"16":{"start":{"line":37,"column":28},"end":{"line":97,"column":1}},"17":{"start":{"line":38,"column":28},"end":{"line":38,"column":42}},"18":{"start":{"line":39,"column":36},"end":{"line":39,"column":51}},"19":{"start":{"line":40,"column":34},"end":{"line":40,"column":48}},"20":{"start":{"line":43,"column":2},"end":{"line":45,"column":9}},"21":{"start":{"line":44,"column":4},"end":{"line":44,"column":19}},"22":{"start":{"line":47,"column":23},"end":{"line":65,"column":3}},"23":{"start":{"line":48,"column":4},"end":{"line":64,"column":5}},"24":{"start":{"line":49,"column":18},"end":{"line":49,"column":34}},"25":{"start":{"line":50,"column":6},"end":{"line":55,"column":7}},"26":{"start":{"line":51,"column":8},"end":{"line":51,"column":24}},"27":{"start":{"line":52,"column":8},"end":{"line":52,"column":23}},"28":{"start":{"line":53,"column":19},"end":{"line":53,"column":34}},"29":{"start":{"line":54,"column":8},"end":{"line":54,"column":26}},"30":{"start":{"line":57,"column":18},"end":{"line":57,"column":34}},"31":{"start":{"line":58,"column":6},"end":{"line":63,"column":7}},"32":{"start":{"line":59,"column":8},"end":{"line":59,"column":24}},"33":{"start":{"line":60,"column":8},"end":{"line":60,"column":23}},"34":{"start":{"line":61,"column":19},"end":{"line":61,"column":34}},"35":{"start":{"line":62,"column":8},"end":{"line":62,"column":26}},"36":{"start":{"line":67,"column":2},"end":{"line":67,"column":27}},"37":{"start":{"line":70,"column":16},"end":{"line":70,"column":33}},"38":{"start":{"line":72,"column":17},"end":{"line":79,"column":3}},"39":{"start":{"line":73,"column":4},"end":{"line":73,"column":19}},"40":{"start":{"line":74,"column":4},"end":{"line":78,"column":5}},"41":{"start":{"line":75,"column":6},"end":{"line":75,"column":39}},"42":{"start":{"line":77,"column":6},"end":{"line":77,"column":49}},"43":{"start":{"line":81,"column":2},"end":{"line":96,"column":4}},"44":{"start":{"line":100,"column":23},"end":{"line":106,"column":1}},"45":{"start":{"line":101,"column":18},"end":{"line":101,"column":41}},"46":{"start":{"line":102,"column":2},"end":{"line":104,"column":3}},"47":{"start":{"line":103,"column":4},"end":{"line":103,"column":67}},"48":{"start":{"line":105,"column":2},"end":{"line":105,"column":17}}},"fnMap":{"0":{"name":"useProtectedRoute","decl":{"start":{"line":10,"column":16},"end":{"line":10,"column":33}},"loc":{"start":{"line":10,"column":41},"end":{"line":35,"column":1}},"line":10},"1":{"name":"(anonymous_1)","decl":{"start":{"line":14,"column":18},"end":{"line":14,"column":19}},"loc":{"start":{"line":14,"column":24},"end":{"line":34,"column":3}},"line":14},"2":{"name":"(anonymous_2)","decl":{"start":{"line":18,"column":17},"end":{"line":18,"column":18}},"loc":{"start":{"line":18,"column":23},"end":{"line":24,"column":7}},"line":18},"3":{"name":"(anonymous_3)","decl":{"start":{"line":26,"column":19},"end":{"line":26,"column":20}},"loc":{"start":{"line":26,"column":25},"end":{"line":32,"column":7}},"line":26},"4":{"name":"(anonymous_4)","decl":{"start":{"line":37,"column":28},"end":{"line":37,"column":29}},"loc":{"start":{"line":37,"column":46},"end":{"line":97,"column":1}},"line":37},"5":{"name":"(anonymous_5)","decl":{"start":{"line":43,"column":12},"end":{"line":43,"column":13}},"loc":{"start":{"line":43,"column":18},"end":{"line":45,"column":3}},"line":43},"6":{"name":"(anonymous_6)","decl":{"start":{"line":47,"column":23},"end":{"line":47,"column":24}},"loc":{"start":{"line":47,"column":35},"end":{"line":65,"column":3}},"line":47},"7":{"name":"(anonymous_7)","decl":{"start":{"line":70,"column":16},"end":{"line":70,"column":17}},"loc":{"start":{"line":70,"column":31},"end":{"line":70,"column":33}},"line":70},"8":{"name":"(anonymous_8)","decl":{"start":{"line":72,"column":17},"end":{"line":72,"column":18}},"loc":{"start":{"line":72,"column":29},"end":{"line":79,"column":3}},"line":72},"9":{"name":"(anonymous_9)","decl":{"start":{"line":100,"column":23},"end":{"line":100,"column":24}},"loc":{"start":{"line":100,"column":29},"end":{"line":106,"column":1}},"line":100}},"branchMap":{"0":{"loc":{"start":{"line":17,"column":4},"end":{"line":33,"column":5}},"type":"if","locations":[{"start":{"line":17,"column":4},"end":{"line":33,"column":5}},{"start":{"line":25,"column":11},"end":{"line":33,"column":5}}],"line":17},"1":{"loc":{"start":{"line":17,"column":8},"end":{"line":17,"column":58}},"type":"binary-expr","locations":[{"start":{"line":17,"column":8},"end":{"line":17,"column":29}},{"start":{"line":17,"column":33},"end":{"line":17,"column":58}}],"line":17},"2":{"loc":{"start":{"line":19,"column":8},"end":{"line":23,"column":9}},"type":"if","locations":[{"start":{"line":19,"column":8},"end":{"line":23,"column":9}},{"start":{"line":21,"column":15},"end":{"line":23,"column":9}}],"line":19},"3":{"loc":{"start":{"line":21,"column":15},"end":{"line":23,"column":9}},"type":"if","locations":[{"start":{"line":21,"column":15},"end":{"line":23,"column":9}},{"start":{},"end":{}}],"line":21},"4":{"loc":{"start":{"line":27,"column":8},"end":{"line":31,"column":9}},"type":"if","locations":[{"start":{"line":27,"column":8},"end":{"line":31,"column":9}},{"start":{"line":29,"column":15},"end":{"line":31,"column":9}}],"line":27},"5":{"loc":{"start":{"line":29,"column":15},"end":{"line":31,"column":9}},"type":"if","locations":[{"start":{"line":29,"column":15},"end":{"line":31,"column":9}},{"start":{},"end":{}}],"line":29},"6":{"loc":{"start":{"line":48,"column":4},"end":{"line":64,"column":5}},"type":"if","locations":[{"start":{"line":48,"column":4},"end":{"line":64,"column":5}},{"start":{"line":56,"column":11},"end":{"line":64,"column":5}}],"line":48},"7":{"loc":{"start":{"line":50,"column":6},"end":{"line":55,"column":7}},"type":"if","locations":[{"start":{"line":50,"column":6},"end":{"line":55,"column":7}},{"start":{},"end":{}}],"line":50},"8":{"loc":{"start":{"line":58,"column":6},"end":{"line":63,"column":7}},"type":"if","locations":[{"start":{"line":58,"column":6},"end":{"line":63,"column":7}},{"start":{},"end":{}}],"line":58},"9":{"loc":{"start":{"line":74,"column":4},"end":{"line":78,"column":5}},"type":"if","locations":[{"start":{"line":74,"column":4},"end":{"line":78,"column":5}},{"start":{"line":76,"column":11},"end":{"line":78,"column":5}}],"line":74},"10":{"loc":{"start":{"line":102,"column":2},"end":{"line":104,"column":3}},"type":"if","locations":[{"start":{"line":102,"column":2},"end":{"line":104,"column":3}},{"start":{},"end":{}}],"line":102}},"s":{"0":0,"1":0,"2":0,"3":0,"4":0,"5":0,"6":0,"7":0,"8":0,"9":0,"10":0,"11":0,"12":0,"13":0,"14":0,"15":0,"16":0,"17":0,"18":0,"19":0,"20":0,"21":0,"22":0,"23":0,"24":0,"25":0,"26":0,"27":0,"28":0,"29":0,"30":0,"31":0,"32":0,"33":0,"34":0,"35":0,"36":0,"37":0,"38":0,"39":0,"40":0,"41":0,"42":0,"43":0,"44":0,"45":0,"46":0,"47":0,"48":0},"f":{"0":0,"1":0,"2":0,"3":0,"4":0,"5":0,"6":0,"7":0,"8":0,"9":0},"b":{"0":[0,0],"1":[0,0],"2":[0,0],"3":[0,0],"4":[0,0],"5":[0,0],"6":[0,0],"7":[0,0],"8":[0,0],"9":[0,0],"10":[0,0]}}
,"/Users/johnmccants/Desktop/GA-Fall-Hackathon-2023/project/components/BirthdayNotification.tsx": {"path":"/Users/johnmccants/Desktop/GA-Fall-Hackathon-2023/project/components/BirthdayNotification.tsx","statementMap":{"0":{"start":{"line":7,"column":2},"end":{"line":23,"column":4}},"1":{"start":{"line":26,"column":15},"end":{"line":62,"column":2}}},"fnMap":{"0":{"name":"BirthdayNotification","decl":{"start":{"line":6,"column":24},"end":{"line":6,"column":44}},"loc":{"start":{"line":6,"column":74},"end":{"line":24,"column":1}},"line":6},"1":{"name":"(anonymous_1)","decl":{"start":{"line":15,"column":19},"end":{"line":15,"column":20}},"loc":{"start":{"line":15,"column":25},"end":{"line":17,"column":11}},"line":15}},"branchMap":{},"s":{"0":0,"1":0},"f":{"0":0,"1":0},"b":{}}
,"/Users/johnmccants/Desktop/GA-Fall-Hackathon-2023/project/components/Calendar.tsx": {"path":"/Users/johnmccants/Desktop/GA-Fall-Hackathon-2023/project/components/Calendar.tsx","statementMap":{"0":{"start":{"line":18,"column":15},"end":{"line":18,"column":33}},"1":{"start":{"line":19,"column":16},"end":{"line":19,"column":65}},"2":{"start":{"line":20,"column":14},"end":{"line":20,"column":56}},"3":{"start":{"line":22,"column":2},"end":{"line":22,"column":35}},"4":{"start":{"line":25,"column":16},"end":{"line":41,"column":18}},"5":{"start":{"line":44,"column":17},"end":{"line":46,"column":3}},"6":{"start":{"line":53,"column":4},"end":{"line":80,"column":6}},"7":{"start":{"line":83,"column":14},"end":{"line":118,"column":3}},"8":{"start":{"line":84,"column":18},"end":{"line":84,"column":40}},"9":{"start":{"line":86,"column":4},"end":{"line":117,"column":13}},"10":{"start":{"line":87,"column":6},"end":{"line":108,"column":7}},"11":{"start":{"line":87,"column":19},"end":{"line":87,"column":22}},"12":{"start":{"line":88,"column":21},"end":{"line":88,"column":60}},"13":{"start":{"line":89,"column":24},"end":{"line":89,"column":47}},"14":{"start":{"line":91,"column":8},"end":{"line":107,"column":9}},"15":{"start":{"line":92,"column":10},"end":{"line":92,"column":30}},"16":{"start":{"line":94,"column":27},"end":{"line":94,"column":60}},"17":{"start":{"line":95,"column":10},"end":{"line":106,"column":11}},"18":{"start":{"line":95,"column":23},"end":{"line":95,"column":24}},"19":{"start":{"line":96,"column":12},"end":{"line":105,"column":15}},"20":{"start":{"line":110,"column":39},"end":{"line":110,"column":41}},"21":{"start":{"line":111,"column":6},"end":{"line":113,"column":9}},"22":{"start":{"line":112,"column":8},"end":{"line":112,"column":35}},"23":{"start":{"line":114,"column":6},"end":{"line":116,"column":9}},"24":{"start":{"line":120,"column":14},"end":{"line":125,"column":3}},"25":{"start":{"line":121,"column":4},"end":{"line":123,"column":5}},"26":{"start":{"line":122,"column":6},"end":{"line":122,"column":66}},"27":{"start":{"line":124,"column":4},"end":{"line":124,"column":43}},"28":{"start":{"line":127,"column":15},"end":{"line":139,"column":3}},"29":{"start":{"line":128,"column":21},"end":{"line":128,"column":38}},"30":{"start":{"line":129,"column":18},"end":{"line":129,"column":47}},"31":{"start":{"line":131,"column":4},"end":{"line":138,"column":6}},"32":{"start":{"line":134,"column":23},"end":{"line":134,"column":52}},"33":{"start":{"line":141,"column":20},"end":{"line":147,"column":3}},"34":{"start":{"line":142,"column":4},"end":{"line":146,"column":6}},"35":{"start":{"line":149,"column":18},"end":{"line":151,"column":3}},"36":{"start":{"line":150,"column":4},"end":{"line":150,"column":31}},"37":{"start":{"line":154,"column":17},"end":{"line":154,"column":31}},"38":{"start":{"line":155,"column":4},"end":{"line":155,"column":44}},"39":{"start":{"line":159,"column":15},"end":{"line":181,"column":2}}},"fnMap":{"0":{"name":"formatDate","decl":{"start":{"line":17,"column":9},"end":{"line":17,"column":19}},"loc":{"start":{"line":17,"column":26},"end":{"line":23,"column":1}},"line":17},"1":{"name":"(anonymous_1)","decl":{"start":{"line":52,"column":2},"end":{"line":52,"column":3}},"loc":{"start":{"line":52,"column":11},"end":{"line":81,"column":3}},"line":52},"2":{"name":"(anonymous_2)","decl":{"start":{"line":83,"column":14},"end":{"line":83,"column":15}},"loc":{"start":{"line":83,"column":33},"end":{"line":118,"column":3}},"line":83},"3":{"name":"(anonymous_3)","decl":{"start":{"line":86,"column":15},"end":{"line":86,"column":16}},"loc":{"start":{"line":86,"column":21},"end":{"line":117,"column":5}},"line":86},"4":{"name":"(anonymous_4)","decl":{"start":{"line":111,"column":33},"end":{"line":111,"column":34}},"loc":{"start":{"line":111,"column":42},"end":{"line":113,"column":7}},"line":111},"5":{"name":"(anonymous_5)","decl":{"start":{"line":120,"column":14},"end":{"line":120,"column":15}},"loc":{"start":{"line":120,"column":23},"end":{"line":125,"column":3}},"line":120},"6":{"name":"(anonymous_6)","decl":{"start":{"line":127,"column":15},"end":{"line":127,"column":16}},"loc":{"start":{"line":127,"column":63},"end":{"line":139,"column":3}},"line":127},"7":{"name":"(anonymous_7)","decl":{"start":{"line":134,"column":17},"end":{"line":134,"column":18}},"loc":{"start":{"line":134,"column":23},"end":{"line":134,"column":52}},"line":134},"8":{"name":"(anonymous_8)","decl":{"start":{"line":141,"column":20},"end":{"line":141,"column":21}},"loc":{"start":{"line":141,"column":26},"end":{"line":147,"column":3}},"line":141},"9":{"name":"(anonymous_9)","decl":{"start":{"line":149,"column":18},"end":{"line":149,"column":19}},"loc":{"start":{"line":149,"column":56},"end":{"line":151,"column":3}},"line":149},"10":{"name":"(anonymous_10)","decl":{"start":{"line":153,"column":2},"end":{"line":153,"column":3}},"loc":{"start":{"line":153,"column":29},"end":{"line":156,"column":3}},"line":153}},"branchMap":{"0":{"loc":{"start":{"line":84,"column":18},"end":{"line":84,"column":40}},"type":"binary-expr","locations":[{"start":{"line":84,"column":18},"end":{"line":84,"column":34}},{"start":{"line":84,"column":38},"end":{"line":84,"column":40}}],"line":84},"1":{"loc":{"start":{"line":91,"column":8},"end":{"line":107,"column":9}},"type":"if","locations":[{"start":{"line":91,"column":8},"end":{"line":107,"column":9}},{"start":{},"end":{}}],"line":91},"2":{"loc":{"start":{"line":121,"column":4},"end":{"line":123,"column":5}},"type":"if","locations":[{"start":{"line":121,"column":4},"end":{"line":123,"column":5}},{"start":{},"end":{}}],"line":121},"3":{"loc":{"start":{"line":128,"column":21},"end":{"line":128,"column":38}},"type":"cond-expr","locations":[{"start":{"line":128,"column":31},"end":{"line":128,"column":33}},{"start":{"line":128,"column":36},"end":{"line":128,"column":38}}],"line":128},"4":{"loc":{"start":{"line":129,"column":18},"end":{"line":129,"column":47}},"type":"cond-expr","locations":[{"start":{"line":129,"column":28},"end":{"line":129,"column":35}},{"start":{"line":129,"column":38},"end":{"line":129,"column":47}}],"line":129}},"s":{"0":0,"1":0,"2":0,"3":0,"4":0,"5":0,"6":0,"7":0,"8":0,"9":0,"10":0,"11":0,"12":0,"13":0,"14":0,"15":0,"16":0,"17":0,"18":0,"19":0,"20":0,"21":0,"22":0,"23":0,"24":0,"25":0,"26":0,"27":0,"28":0,"29":0,"30":0,"31":0,"32":0,"33":0,"34":0,"35":0,"36":0,"37":0,"38":0,"39":0},"f":{"0":0,"1":0,"2":0,"3":0,"4":0,"5":0,"6":0,"7":0,"8":0,"9":0,"10":0},"b":{"0":[0,0],"1":[0,0],"2":[0,0],"3":[0,0],"4":[0,0]}}
,"/Users/johnmccants/Desktop/GA-Fall-Hackathon-2023/project/components/CreateFriendProfile.tsx": {"path":"/Users/johnmccants/Desktop/GA-Fall-Hackathon-2023/project/components/CreateFriendProfile.tsx","statementMap":{"0":{"start":{"line":23,"column":13},"end":{"line":23,"column":33}},"1":{"start":{"line":24,"column":13},"end":{"line":24,"column":34}},"2":{"start":{"line":28,"column":14},"end":{"line":28,"column":56}},"3":{"start":{"line":29,"column":12},"end":{"line":29,"column":47}},"4":{"start":{"line":31,"column":2},"end":{"line":31,"column":35}},"5":{"start":{"line":35,"column":36},"end":{"line":42,"column":4}},"6":{"start":{"line":43,"column":28},"end":{"line":43,"column":49}},"7":{"start":{"line":44,"column":46},"end":{"line":44,"column":58}},"8":{"start":{"line":45,"column":56},"end":{"line":45,"column":68}},"9":{"start":{"line":46,"column":44},"end":{"line":46,"column":58}},"10":{"start":{"line":47,"column":17},"end":{"line":47,"column":28}},"11":{"start":{"line":48,"column":57},"end":{"line":48,"column":72}},"12":{"start":{"line":49,"column":34},"end":{"line":49,"column":69}},"13":{"start":{"line":51,"column":28},"end":{"line":51,"column":42}},"14":{"start":{"line":53,"column":22},"end":{"line":53,"column":32}},"15":{"start":{"line":55,"column":25},"end":{"line":57,"column":3}},"16":{"start":{"line":56,"column":4},"end":{"line":56,"column":34}},"17":{"start":{"line":59,"column":25},"end":{"line":61,"column":3}},"18":{"start":{"line":60,"column":4},"end":{"line":60,"column":35}},"19":{"start":{"line":63,"column":24},"end":{"line":68,"column":3}},"20":{"start":{"line":64,"column":4},"end":{"line":64,"column":51}},"21":{"start":{"line":65,"column":4},"end":{"line":65,"column":37}},"22":{"start":{"line":66,"column":4},"end":{"line":66,"column":65}},"23":{"start":{"line":67,"column":4},"end":{"line":67,"column":21}},"24":{"start":{"line":70,"column":27},"end":{"line":78,"column":3}},"25":{"start":{"line":71,"column":4},"end":{"line":77,"column":5}},"26":{"start":{"line":72,"column":6},"end":{"line":74,"column":8}},"27":{"start":{"line":73,"column":8},"end":{"line":73,"column":50}},"28":{"start":{"line":73,"column":30},"end":{"line":73,"column":49}},"29":{"start":{"line":76,"column":6},"end":{"line":76,"column":62}},"30":{"start":{"line":76,"column":39},"end":{"line":76,"column":60}},"31":{"start":{"line":80,"column":20},"end":{"line":92,"column":3}},"32":{"start":{"line":82,"column":17},"end":{"line":87,"column":6}},"33":{"start":{"line":89,"column":4},"end":{"line":91,"column":5}},"34":{"start":{"line":90,"column":6},"end":{"line":90,"column":37}},"35":{"start":{"line":94,"column":23},"end":{"line":99,"column":3}},"36":{"start":{"line":95,"column":4},"end":{"line":98,"column":8}},"37":{"start":{"line":95,"column":28},"end":{"line":98,"column":5}},"38":{"start":{"line":101,"column":23},"end":{"line":116,"column":3}},"39":{"start":{"line":102,"column":17},"end":{"line":105,"column":5}},"40":{"start":{"line":104,"column":54},"end":{"line":104,"column":69}},"41":{"start":{"line":106,"column":23},"end":{"line":106,"column":62}},"42":{"start":{"line":115,"column":4},"end":{"line":115,"column":69}},"43":{"start":{"line":115,"column":20},"end":{"line":115,"column":69}},"44":{"start":{"line":118,"column":2},"end":{"line":312,"column":4}},"45":{"start":{"line":150,"column":38},"end":{"line":150,"column":64}},"46":{"start":{"line":205,"column":18},"end":{"line":205,"column":44}},"47":{"start":{"line":206,"column":18},"end":{"line":206,"column":49}},"48":{"start":{"line":218,"column":18},"end":{"line":218,"column":46}},"49":{"start":{"line":219,"column":18},"end":{"line":219,"column":51}},"50":{"start":{"line":231,"column":18},"end":{"line":231,"column":45}},"51":{"start":{"line":232,"column":18},"end":{"line":232,"column":50}},"52":{"start":{"line":244,"column":38},"end":{"line":244,"column":68}},"53":{"start":{"line":257,"column":31},"end":{"line":257,"column":58}},"54":{"start":{"line":269,"column":31},"end":{"line":269,"column":61}},"55":{"start":{"line":281,"column":31},"end":{"line":281,"column":59}},"56":{"start":{"line":293,"column":40},"end":{"line":293,"column":70}},"57":{"start":{"line":301,"column":12},"end":{"line":301,"column":37}},"58":{"start":{"line":315,"column":15},"end":{"line":389,"column":2}}},"fnMap":{"0":{"name":"convertDateFormat","decl":{"start":{"line":22,"column":9},"end":{"line":22,"column":26}},"loc":{"start":{"line":22,"column":39},"end":{"line":32,"column":1}},"line":22},"1":{"name":"CreateFriendsProfile","decl":{"start":{"line":34,"column":24},"end":{"line":34,"column":44}},"loc":{"start":{"line":34,"column":47},"end":{"line":313,"column":1}},"line":34},"2":{"name":"(anonymous_2)","decl":{"start":{"line":55,"column":25},"end":{"line":55,"column":26}},"loc":{"start":{"line":55,"column":31},"end":{"line":57,"column":3}},"line":55},"3":{"name":"(anonymous_3)","decl":{"start":{"line":59,"column":25},"end":{"line":59,"column":26}},"loc":{"start":{"line":59,"column":31},"end":{"line":61,"column":3}},"line":59},"4":{"name":"(anonymous_4)","decl":{"start":{"line":63,"column":24},"end":{"line":63,"column":25}},"loc":{"start":{"line":63,"column":34},"end":{"line":68,"column":3}},"line":63},"5":{"name":"(anonymous_5)","decl":{"start":{"line":70,"column":27},"end":{"line":70,"column":28}},"loc":{"start":{"line":70,"column":43},"end":{"line":78,"column":3}},"line":70},"6":{"name":"(anonymous_6)","decl":{"start":{"line":72,"column":29},"end":{"line":72,"column":30}},"loc":{"start":{"line":73,"column":8},"end":{"line":73,"column":50}},"line":73},"7":{"name":"(anonymous_7)","decl":{"start":{"line":73,"column":20},"end":{"line":73,"column":21}},"loc":{"start":{"line":73,"column":30},"end":{"line":73,"column":49}},"line":73},"8":{"name":"(anonymous_8)","decl":{"start":{"line":76,"column":29},"end":{"line":76,"column":30}},"loc":{"start":{"line":76,"column":39},"end":{"line":76,"column":60}},"line":76},"9":{"name":"(anonymous_9)","decl":{"start":{"line":80,"column":20},"end":{"line":80,"column":21}},"loc":{"start":{"line":80,"column":32},"end":{"line":92,"column":3}},"line":80},"10":{"name":"(anonymous_10)","decl":{"start":{"line":94,"column":23},"end":{"line":94,"column":24}},"loc":{"start":{"line":94,"column":61},"end":{"line":99,"column":3}},"line":94},"11":{"name":"(anonymous_11)","decl":{"start":{"line":95,"column":17},"end":{"line":95,"column":18}},"loc":{"start":{"line":95,"column":28},"end":{"line":98,"column":5}},"line":95},"12":{"name":"(anonymous_12)","decl":{"start":{"line":101,"column":23},"end":{"line":101,"column":24}},"loc":{"start":{"line":101,"column":35},"end":{"line":116,"column":3}},"line":101},"13":{"name":"(anonymous_13)","decl":{"start":{"line":104,"column":47},"end":{"line":104,"column":48}},"loc":{"start":{"line":104,"column":54},"end":{"line":104,"column":69}},"line":104},"14":{"name":"(anonymous_14)","decl":{"start":{"line":150,"column":28},"end":{"line":150,"column":29}},"loc":{"start":{"line":150,"column":38},"end":{"line":150,"column":64}},"line":150},"15":{"name":"(anonymous_15)","decl":{"start":{"line":204,"column":25},"end":{"line":204,"column":26}},"loc":{"start":{"line":204,"column":31},"end":{"line":207,"column":17}},"line":204},"16":{"name":"(anonymous_16)","decl":{"start":{"line":217,"column":25},"end":{"line":217,"column":26}},"loc":{"start":{"line":217,"column":31},"end":{"line":220,"column":17}},"line":217},"17":{"name":"(anonymous_17)","decl":{"start":{"line":230,"column":25},"end":{"line":230,"column":26}},"loc":{"start":{"line":230,"column":31},"end":{"line":233,"column":17}},"line":230},"18":{"name":"(anonymous_18)","decl":{"start":{"line":244,"column":28},"end":{"line":244,"column":29}},"loc":{"start":{"line":244,"column":38},"end":{"line":244,"column":68}},"line":244},"19":{"name":"(anonymous_19)","decl":{"start":{"line":257,"column":25},"end":{"line":257,"column":26}},"loc":{"start":{"line":257,"column":31},"end":{"line":257,"column":58}},"line":257},"20":{"name":"(anonymous_20)","decl":{"start":{"line":269,"column":25},"end":{"line":269,"column":26}},"loc":{"start":{"line":269,"column":31},"end":{"line":269,"column":61}},"line":269},"21":{"name":"(anonymous_21)","decl":{"start":{"line":281,"column":25},"end":{"line":281,"column":26}},"loc":{"start":{"line":281,"column":31},"end":{"line":281,"column":59}},"line":281},"22":{"name":"(anonymous_22)","decl":{"start":{"line":293,"column":30},"end":{"line":293,"column":31}},"loc":{"start":{"line":293,"column":40},"end":{"line":293,"column":70}},"line":293},"23":{"name":"(anonymous_23)","decl":{"start":{"line":300,"column":19},"end":{"line":300,"column":20}},"loc":{"start":{"line":300,"column":25},"end":{"line":302,"column":11}},"line":300}},"branchMap":{"0":{"loc":{"start":{"line":71,"column":4},"end":{"line":77,"column":5}},"type":"if","locations":[{"start":{"line":71,"column":4},"end":{"line":77,"column":5}},{"start":{"line":75,"column":11},"end":{"line":77,"column":5}}],"line":71},"1":{"loc":{"start":{"line":89,"column":4},"end":{"line":91,"column":5}},"type":"if","locations":[{"start":{"line":89,"column":4},"end":{"line":91,"column":5}},{"start":{},"end":{}}],"line":89},"2":{"loc":{"start":{"line":115,"column":4},"end":{"line":115,"column":69}},"type":"if","locations":[{"start":{"line":115,"column":4},"end":{"line":115,"column":69}},{"start":{},"end":{}}],"line":115},"3":{"loc":{"start":{"line":134,"column":15},"end":{"line":141,"column":15}},"type":"cond-expr","locations":[{"start":{"line":135,"column":16},"end":{"line":138,"column":18}},{"start":{"line":140,"column":16},"end":{"line":140,"column":67}}],"line":134},"4":{"loc":{"start":{"line":202,"column":18},"end":{"line":202,"column":66}},"type":"cond-expr","locations":[{"start":{"line":202,"column":46},"end":{"line":202,"column":61}},{"start":{"line":202,"column":64},"end":{"line":202,"column":66}}],"line":202},"5":{"loc":{"start":{"line":215,"column":18},"end":{"line":215,"column":68}},"type":"cond-expr","locations":[{"start":{"line":215,"column":48},"end":{"line":215,"column":63}},{"start":{"line":215,"column":66},"end":{"line":215,"column":68}}],"line":215},"6":{"loc":{"start":{"line":228,"column":18},"end":{"line":228,"column":67}},"type":"cond-expr","locations":[{"start":{"line":228,"column":47},"end":{"line":228,"column":62}},{"start":{"line":228,"column":65},"end":{"line":228,"column":67}}],"line":228},"7":{"loc":{"start":{"line":253,"column":18},"end":{"line":255,"column":24}},"type":"cond-expr","locations":[{"start":{"line":254,"column":22},"end":{"line":254,"column":37}},{"start":{"line":255,"column":22},"end":{"line":255,"column":24}}],"line":253},"8":{"loc":{"start":{"line":265,"column":18},"end":{"line":267,"column":24}},"type":"cond-expr","locations":[{"start":{"line":266,"column":22},"end":{"line":266,"column":37}},{"start":{"line":267,"column":22},"end":{"line":267,"column":24}}],"line":265},"9":{"loc":{"start":{"line":277,"column":18},"end":{"line":279,"column":24}},"type":"cond-expr","locations":[{"start":{"line":278,"column":22},"end":{"line":278,"column":37}},{"start":{"line":279,"column":22},"end":{"line":279,"column":24}}],"line":277}},"s":{"0":0,"1":0,"2":0,"3":0,"4":0,"5":0,"6":0,"7":0,"8":0,"9":0,"10":0,"11":0,"12":0,"13":0,"14":0,"15":0,"16":0,"17":0,"18":0,"19":0,"20":0,"21":0,"22":0,"23":0,"24":0,"25":0,"26":0,"27":0,"28":0,"29":0,"30":0,"31":0,"32":0,"33":0,"34":0,"35":0,"36":0,"37":0,"38":0,"39":0,"40":0,"41":0,"42":0,"43":0,"44":0,"45":0,"46":0,"47":0,"48":0,"49":0,"50":0,"51":0,"52":0,"53":0,"54":0,"55":0,"56":0,"57":0,"58":0},"f":{"0":0,"1":0,"2":0,"3":0,"4":0,"5":0,"6":0,"7":0,"8":0,"9":0,"10":0,"11":0,"12":0,"13":0,"14":0,"15":0,"16":0,"17":0,"18":0,"19":0,"20":0,"21":0,"22":0,"23":0},"b":{"0":[0,0],"1":[0,0],"2":[0,0],"3":[0,0],"4":[0,0],"5":[0,0],"6":[0,0],"7":[0,0],"8":[0,0],"9":[0,0]}}
,"/Users/johnmccants/Desktop/GA-Fall-Hackathon-2023/project/components/CurrentUserProfile.tsx": {"path":"/Users/johnmccants/Desktop/GA-Fall-Hackathon-2023/project/components/CurrentUserProfile.tsx","statementMap":{"0":{"start":{"line":1,"column":22},"end":{"line":9,"column":1}},"1":{"start":{"line":22,"column":34},"end":{"line":22,"column":53}},"2":{"start":{"line":23,"column":21},"end":{"line":23,"column":30}},"3":{"start":{"line":25,"column":26},"end":{"line":25,"column":40}},"4":{"start":{"line":27,"column":23},"end":{"line":29,"column":3}},"5":{"start":{"line":28,"column":4},"end":{"line":28,"column":23}},"6":{"start":{"line":31,"column":2},"end":{"line":33,"column":9}},"7":{"start":{"line":32,"column":4},"end":{"line":32,"column":23}},"8":{"start":{"line":35,"column":27},"end":{"line":41,"column":3}},"9":{"start":{"line":36,"column":4},"end":{"line":40,"column":22}},"10":{"start":{"line":37,"column":19},"end":{"line":37,"column":49}},"11":{"start":{"line":39,"column":6},"end":{"line":39,"column":25}},"12":{"start":{"line":43,"column":23},"end":{"line":49,"column":3}},"13":{"start":{"line":44,"column":4},"end":{"line":48,"column":5}},"14":{"start":{"line":45,"column":6},"end":{"line":45,"column":21}},"15":{"start":{"line":47,"column":6},"end":{"line":47,"column":27}},"16":{"start":{"line":50,"column":2},"end":{"line":132,"column":4}},"17":{"start":{"line":102,"column":25},"end":{"line":102,"column":48}},"18":{"start":{"line":112,"column":25},"end":{"line":112,"column":46}},"19":{"start":{"line":135,"column":15},"end":{"line":219,"column":2}}},"fnMap":{"0":{"name":"CurrentUserProfileScreen","decl":{"start":{"line":21,"column":24},"end":{"line":21,"column":48}},"loc":{"start":{"line":21,"column":51},"end":{"line":133,"column":1}},"line":21},"1":{"name":"(anonymous_1)","decl":{"start":{"line":27,"column":23},"end":{"line":27,"column":24}},"loc":{"start":{"line":27,"column":42},"end":{"line":29,"column":3}},"line":27},"2":{"name":"(anonymous_2)","decl":{"start":{"line":31,"column":12},"end":{"line":31,"column":13}},"loc":{"start":{"line":31,"column":18},"end":{"line":33,"column":3}},"line":31},"3":{"name":"(anonymous_3)","decl":{"start":{"line":35,"column":27},"end":{"line":35,"column":28}},"loc":{"start":{"line":35,"column":39},"end":{"line":41,"column":3}},"line":35},"4":{"name":"(anonymous_4)","decl":{"start":{"line":43,"column":23},"end":{"line":43,"column":24}},"loc":{"start":{"line":43,"column":35},"end":{"line":49,"column":3}},"line":43},"5":{"name":"(anonymous_5)","decl":{"start":{"line":102,"column":19},"end":{"line":102,"column":20}},"loc":{"start":{"line":102,"column":25},"end":{"line":102,"column":48}},"line":102},"6":{"name":"(anonymous_6)","decl":{"start":{"line":112,"column":19},"end":{"line":112,"column":20}},"loc":{"start":{"line":112,"column":25},"end":{"line":112,"column":46}},"line":112}},"branchMap":{"0":{"loc":{"start":{"line":71,"column":35},"end":{"line":71,"column":52}},"type":"binary-expr","locations":[{"start":{"line":71,"column":35},"end":{"line":71,"column":39}},{"start":{"line":71,"column":43},"end":{"line":71,"column":52}}],"line":71},"1":{"loc":{"start":{"line":105,"column":19},"end":{"line":105,"column":78}},"type":"cond-expr","locations":[{"start":{"line":105,"column":43},"end":{"line":105,"column":58}},{"start":{"line":105,"column":61},"end":{"line":105,"column":78}}],"line":105},"2":{"loc":{"start":{"line":115,"column":19},"end":{"line":115,"column":78}},"type":"cond-expr","locations":[{"start":{"line":115,"column":43},"end":{"line":115,"column":60}},{"start":{"line":115,"column":63},"end":{"line":115,"column":78}}],"line":115},"3":{"loc":{"start":{"line":122,"column":7},"end":{"line":128,"column":7}},"type":"cond-expr","locations":[{"start":{"line":123,"column":8},"end":{"line":125,"column":21}},{"start":{"line":127,"column":8},"end":{"line":127,"column":34}}],"line":122}},"s":{"0":0,"1":0,"2":0,"3":0,"4":0,"5":0,"6":0,"7":0,"8":0,"9":0,"10":0,"11":0,"12":0,"13":0,"14":0,"15":0,"16":0,"17":0,"18":0,"19":0},"f":{"0":0,"1":0,"2":0,"3":0,"4":0,"5":0,"6":0},"b":{"0":[0,0],"1":[0,0],"2":[0,0],"3":[0,0]}}
,"/Users/johnmccants/Desktop/GA-Fall-Hackathon-2023/project/components/EditFriendProfile.tsx": {"path":"/Users/johnmccants/Desktop/GA-Fall-Hackathon-2023/project/components/EditFriendProfile.tsx","statementMap":{"0":{"start":{"line":27,"column":2},"end":{"line":27,"column":52}},"1":{"start":{"line":31,"column":13},"end":{"line":31,"column":33}},"2":{"start":{"line":32,"column":13},"end":{"line":32,"column":34}},"3":{"start":{"line":36,"column":14},"end":{"line":36,"column":56}},"4":{"start":{"line":37,"column":12},"end":{"line":37,"column":47}},"5":{"start":{"line":39,"column":2},"end":{"line":39,"column":35}},"6":{"start":{"line":43,"column":36},"end":{"line":50,"column":4}},"7":{"start":{"line":51,"column":28},"end":{"line":51,"column":47}},"8":{"start":{"line":52,"column":46},"end":{"line":52,"column":58}},"9":{"start":{"line":53,"column":56},"end":{"line":53,"column":68}},"10":{"start":{"line":54,"column":44},"end":{"line":54,"column":58}},"11":{"start":{"line":55,"column":32},"end":{"line":55,"column":47}},"12":{"start":{"line":56,"column":30},"end":{"line":56,"column":44}},"13":{"start":{"line":57,"column":17},"end":{"line":57,"column":28}},"14":{"start":{"line":58,"column":57},"end":{"line":58,"column":72}},"15":{"start":{"line":59,"column":34},"end":{"line":59,"column":69}},"16":{"start":{"line":61,"column":28},"end":{"line":61,"column":42}},"17":{"start":{"line":63,"column":22},"end":{"line":63,"column":32}},"18":{"start":{"line":65,"column":17},"end":{"line":65,"column":39}},"19":{"start":{"line":67,"column":21},"end":{"line":69,"column":3}},"20":{"start":{"line":68,"column":4},"end":{"line":68,"column":37}},"21":{"start":{"line":71,"column":25},"end":{"line":73,"column":3}},"22":{"start":{"line":72,"column":4},"end":{"line":72,"column":34}},"23":{"start":{"line":75,"column":25},"end":{"line":77,"column":3}},"24":{"start":{"line":76,"column":4},"end":{"line":76,"column":35}},"25":{"start":{"line":79,"column":24},"end":{"line":84,"column":3}},"26":{"start":{"line":80,"column":4},"end":{"line":80,"column":51}},"27":{"start":{"line":81,"column":4},"end":{"line":81,"column":37}},"28":{"start":{"line":82,"column":4},"end":{"line":82,"column":65}},"29":{"start":{"line":83,"column":4},"end":{"line":83,"column":21}},"30":{"start":{"line":86,"column":22},"end":{"line":112,"column":3}},"31":{"start":{"line":87,"column":4},"end":{"line":111,"column":5}},"32":{"start":{"line":88,"column":25},"end":{"line":88,"column":64}},"33":{"start":{"line":89,"column":6},"end":{"line":108,"column":7}},"34":{"start":{"line":90,"column":32},"end":{"line":90,"column":42}},"35":{"start":{"line":91,"column":8},"end":{"line":95,"column":40}},"36":{"start":{"line":96,"column":8},"end":{"line":96,"column":30}},"37":{"start":{"line":98,"column":8},"end":{"line":98,"column":33}},"38":{"start":{"line":99,"column":8},"end":{"line":99,"column":68}},"39":{"start":{"line":101,"column":8},"end":{"line":106,"column":9}},"40":{"start":{"line":102,"column":26},"end":{"line":104,"column":11}},"41":{"start":{"line":103,"column":12},"end":{"line":103,"column":36}},"42":{"start":{"line":105,"column":10},"end":{"line":105,"column":44}},"43":{"start":{"line":107,"column":8},"end":{"line":107,"column":35}},"44":{"start":{"line":110,"column":6},"end":{"line":110,"column":54}},"45":{"start":{"line":114,"column":27},"end":{"line":122,"column":3}},"46":{"start":{"line":115,"column":4},"end":{"line":121,"column":5}},"47":{"start":{"line":116,"column":6},"end":{"line":118,"column":8}},"48":{"start":{"line":117,"column":8},"end":{"line":117,"column":50}},"49":{"start":{"line":117,"column":30},"end":{"line":117,"column":49}},"50":{"start":{"line":120,"column":6},"end":{"line":120,"column":62}},"51":{"start":{"line":120,"column":39},"end":{"line":120,"column":60}},"52":{"start":{"line":124,"column":20},"end":{"line":136,"column":3}},"53":{"start":{"line":126,"column":17},"end":{"line":131,"column":6}},"54":{"start":{"line":133,"column":4},"end":{"line":135,"column":5}},"55":{"start":{"line":134,"column":6},"end":{"line":134,"column":37}},"56":{"start":{"line":138,"column":23},"end":{"line":143,"column":3}},"57":{"start":{"line":139,"column":4},"end":{"line":142,"column":8}},"58":{"start":{"line":139,"column":28},"end":{"line":142,"column":5}},"59":{"start":{"line":145,"column":23},"end":{"line":162,"column":3}},"60":{"start":{"line":146,"column":4},"end":{"line":146,"column":21}},"61":{"start":{"line":147,"column":17},"end":{"line":150,"column":5}},"62":{"start":{"line":149,"column":54},"end":{"line":149,"column":69}},"63":{"start":{"line":152,"column":4},"end":{"line":159,"column":5}},"64":{"start":{"line":153,"column":6},"end":{"line":153,"column":50}},"65":{"start":{"line":155,"column":6},"end":{"line":155,"column":54}},"66":{"start":{"line":157,"column":6},"end":{"line":157,"column":24}},"67":{"start":{"line":158,"column":6},"end":{"line":158,"column":19}},"68":{"start":{"line":164,"column":2},"end":{"line":166,"column":9}},"69":{"start":{"line":165,"column":4},"end":{"line":165,"column":18}},"70":{"start":{"line":168,"column":2},"end":{"line":367,"column":4}},"71":{"start":{"line":201,"column":38},"end":{"line":201,"column":64}},"72":{"start":{"line":249,"column":18},"end":{"line":249,"column":44}},"73":{"start":{"line":250,"column":18},"end":{"line":250,"column":49}},"74":{"start":{"line":262,"column":18},"end":{"line":262,"column":46}},"75":{"start":{"line":263,"column":18},"end":{"line":263,"column":51}},"76":{"start":{"line":275,"column":18},"end":{"line":275,"column":45}},"77":{"start":{"line":276,"column":18},"end":{"line":276,"column":50}},"78":{"start":{"line":288,"column":38},"end":{"line":288,"column":68}},"79":{"start":{"line":303,"column":31},"end":{"line":303,"column":58}},"80":{"start":{"line":315,"column":31},"end":{"line":315,"column":61}},"81":{"start":{"line":327,"column":31},"end":{"line":327,"column":59}},"82":{"start":{"line":339,"column":40},"end":{"line":339,"column":70}},"83":{"start":{"line":347,"column":12},"end":{"line":347,"column":27}},"84":{"start":{"line":370,"column":15},"end":{"line":453,"column":2}}},"fnMap":{"0":{"name":"capitalizeFirstLetter","decl":{"start":{"line":26,"column":9},"end":{"line":26,"column":30}},"loc":{"start":{"line":26,"column":36},"end":{"line":28,"column":1}},"line":26},"1":{"name":"convertDateFormat","decl":{"start":{"line":30,"column":9},"end":{"line":30,"column":26}},"loc":{"start":{"line":30,"column":39},"end":{"line":40,"column":1}},"line":30},"2":{"name":"EditFriendProfile","decl":{"start":{"line":42,"column":24},"end":{"line":42,"column":41}},"loc":{"start":{"line":42,"column":44},"end":{"line":368,"column":1}},"line":42},"3":{"name":"(anonymous_3)","decl":{"start":{"line":67,"column":21},"end":{"line":67,"column":22}},"loc":{"start":{"line":67,"column":27},"end":{"line":69,"column":3}},"line":67},"4":{"name":"(anonymous_4)","decl":{"start":{"line":71,"column":25},"end":{"line":71,"column":26}},"loc":{"start":{"line":71,"column":31},"end":{"line":73,"column":3}},"line":71},"5":{"name":"(anonymous_5)","decl":{"start":{"line":75,"column":25},"end":{"line":75,"column":26}},"loc":{"start":{"line":75,"column":31},"end":{"line":77,"column":3}},"line":75},"6":{"name":"(anonymous_6)","decl":{"start":{"line":79,"column":24},"end":{"line":79,"column":25}},"loc":{"start":{"line":79,"column":34},"end":{"line":84,"column":3}},"line":79},"7":{"name":"(anonymous_7)","decl":{"start":{"line":86,"column":22},"end":{"line":86,"column":23}},"loc":{"start":{"line":86,"column":34},"end":{"line":112,"column":3}},"line":86},"8":{"name":"(anonymous_8)","decl":{"start":{"line":102,"column":57},"end":{"line":102,"column":58}},"loc":{"start":{"line":103,"column":12},"end":{"line":103,"column":36}},"line":103},"9":{"name":"(anonymous_9)","decl":{"start":{"line":114,"column":27},"end":{"line":114,"column":28}},"loc":{"start":{"line":114,"column":43},"end":{"line":122,"column":3}},"line":114},"10":{"name":"(anonymous_10)","decl":{"start":{"line":116,"column":29},"end":{"line":116,"column":30}},"loc":{"start":{"line":117,"column":8},"end":{"line":117,"column":50}},"line":117},"11":{"name":"(anonymous_11)","decl":{"start":{"line":117,"column":20},"end":{"line":117,"column":21}},"loc":{"start":{"line":117,"column":30},"end":{"line":117,"column":49}},"line":117},"12":{"name":"(anonymous_12)","decl":{"start":{"line":120,"column":29},"end":{"line":120,"column":30}},"loc":{"start":{"line":120,"column":39},"end":{"line":120,"column":60}},"line":120},"13":{"name":"(anonymous_13)","decl":{"start":{"line":124,"column":20},"end":{"line":124,"column":21}},"loc":{"start":{"line":124,"column":32},"end":{"line":136,"column":3}},"line":124},"14":{"name":"(anonymous_14)","decl":{"start":{"line":138,"column":23},"end":{"line":138,"column":24}},"loc":{"start":{"line":138,"column":61},"end":{"line":143,"column":3}},"line":138},"15":{"name":"(anonymous_15)","decl":{"start":{"line":139,"column":17},"end":{"line":139,"column":18}},"loc":{"start":{"line":139,"column":28},"end":{"line":142,"column":5}},"line":139},"16":{"name":"(anonymous_16)","decl":{"start":{"line":145,"column":23},"end":{"line":145,"column":24}},"loc":{"start":{"line":145,"column":35},"end":{"line":162,"column":3}},"line":145},"17":{"name":"(anonymous_17)","decl":{"start":{"line":149,"column":47},"end":{"line":149,"column":48}},"loc":{"start":{"line":149,"column":54},"end":{"line":149,"column":69}},"line":149},"18":{"name":"(anonymous_18)","decl":{"start":{"line":164,"column":12},"end":{"line":164,"column":13}},"loc":{"start":{"line":164,"column":18},"end":{"line":166,"column":3}},"line":164},"19":{"name":"(anonymous_19)","decl":{"start":{"line":201,"column":28},"end":{"line":201,"column":29}},"loc":{"start":{"line":201,"column":38},"end":{"line":201,"column":64}},"line":201},"20":{"name":"(anonymous_20)","decl":{"start":{"line":248,"column":25},"end":{"line":248,"column":26}},"loc":{"start":{"line":248,"column":31},"end":{"line":251,"column":17}},"line":248},"21":{"name":"(anonymous_21)","decl":{"start":{"line":261,"column":25},"end":{"line":261,"column":26}},"loc":{"start":{"line":261,"column":31},"end":{"line":264,"column":17}},"line":261},"22":{"name":"(anonymous_22)","decl":{"start":{"line":274,"column":25},"end":{"line":274,"column":26}},"loc":{"start":{"line":274,"column":31},"end":{"line":277,"column":17}},"line":274},"23":{"name":"(anonymous_23)","decl":{"start":{"line":288,"column":28},"end":{"line":288,"column":29}},"loc":{"start":{"line":288,"column":38},"end":{"line":288,"column":68}},"line":288},"24":{"name":"(anonymous_24)","decl":{"start":{"line":303,"column":25},"end":{"line":303,"column":26}},"loc":{"start":{"line":303,"column":31},"end":{"line":303,"column":58}},"line":303},"25":{"name":"(anonymous_25)","decl":{"start":{"line":315,"column":25},"end":{"line":315,"column":26}},"loc":{"start":{"line":315,"column":31},"end":{"line":315,"column":61}},"line":315},"26":{"name":"(anonymous_26)","decl":{"start":{"line":327,"column":25},"end":{"line":327,"column":26}},"loc":{"start":{"line":327,"column":31},"end":{"line":327,"column":59}},"line":327},"27":{"name":"(anonymous_27)","decl":{"start":{"line":339,"column":30},"end":{"line":339,"column":31}},"loc":{"start":{"line":339,"column":40},"end":{"line":339,"column":70}},"line":339},"28":{"name":"(anonymous_28)","decl":{"start":{"line":346,"column":19},"end":{"line":346,"column":20}},"loc":{"start":{"line":346,"column":
[...]
,"/Users/johnmccants/Desktop/GA-Fall-Hackathon-2023/project/components/TitleBack.tsx": {"path":"/Users/johnmccants/Desktop/GA-Fall-Hackathon-2023/project/components/TitleBack.tsx","statementMap":{"0":{"start":{"line":11,"column":18},"end":{"line":43,"column":1}},"1":{"start":{"line":12,"column":17},"end":{"line":12,"column":28}},"2":{"start":{"line":13,"column":20},"end":{"line":13,"column":41}},"3":{"start":{"line":14,"column":2},"end":{"line":42,"column":4}},"4":{"start":{"line":23,"column":39},"end":{"line":23,"column":52}}},"fnMap":{"0":{"name":"(anonymous_0)","decl":{"start":{"line":11,"column":18},"end":{"line":11,"column":19}},"loc":{"start":{"line":11,"column":59},"end":{"line":43,"column":1}},"line":11},"1":{"name":"(anonymous_1)","decl":{"start":{"line":23,"column":33},"end":{"line":23,"column":34}},"loc":{"start":{"line":23,"column":39},"end":{"line":23,"column":52}},"line":23}},"branchMap":{"0":{"loc":{"start":{"line":20,"column":22},"end":{"line":20,"column":53}},"type":"cond-expr","locations":[{"start":{"line":20,"column":37},"end":{"line":20,"column":49}},{"start":{"line":20,"column":52},"end":{"line":20,"column":53}}],"line":20},"1":{"loc":{"start":{"line":29,"column":18},"end":{"line":29,"column":47}},"type":"cond-expr","locations":[{"start":{"line":29,"column":31},"end":{"line":29,"column":41}},{"start":{"line":29,"column":44},"end":{"line":29,"column":47}}],"line":29}},"s":{"0":1,"1":0,"2":0,"3":0,"4":0},"f":{"0":0,"1":0},"b":{"0":[0,0],"1":[0,0]},"_coverageSchema":"1a1c01bbd47fc00a2c39e90264f33305004495a9","hash":"bd5239c84724524454f9db57878c86f64ba2bca7"}
,"/Users/johnmccants/Desktop/GA-Fall-Hackathon-2023/project/components/TypingText.tsx": {"path":"/Users/johnmccants/Desktop/GA-Fall-Hackathon-2023/project/components/TypingText.tsx","statementMap":{"0":{"start":{"line":4,"column":19},"end":{"line":22,"column":1}},"1":{"start":{"line":5,"column":26},"end":{"line":5,"column":38}},"2":{"start":{"line":6,"column":28},"end":{"line":6,"column":39}},"3":{"start":{"line":8,"column":2},"end":{"line":19,"column":20}},"4":{"start":{"line":9,"column":21},"end":{"line":16,"column":11}},"5":{"start":{"line":10,"column":6},"end":{"line":15,"column":7}},"6":{"start":{"line":11,"column":8},"end":{"line":11,"column":46}},"7":{"start":{"line":11,"column":26},"end":{"line":11,"column":44}},"8":{"start":{"line":12,"column":8},"end":{"line":12,"column":28}},"9":{"start":{"line":14,"column":8},"end":{"line":14,"column":32}},"10":{"start":{"line":18,"column":4},"end":{"line":18,"column":41}},"11":{"start":{"line":18,"column":17},"end":{"line":18,"column":40}},"12":{"start":{"line":21,"column":2},"end":{"line":21,"column":29}}},"fnMap":{"0":{"name":"(anonymous_0)","decl":{"start":{"line":4,"column":19},"end":{"line":4,"column":20}},"loc":{"start":{"line":4,"column":25},"end":{"line":22,"column":1}},"line":4},"1":{"name":"(anonymous_1)","decl":{"start":{"line":8,"column":12},"end":{"line":8,"column":13}},"loc":{"start":{"line":8,"column":18},"end":{"line":19,"column":3}},"line":8},"2":{"name":"(anonymous_2)","decl":{"start":{"line":9,"column":33},"end":{"line":9,"column":34}},"loc":{"start":{"line":9,"column":39},"end":{"line":16,"column":5}},"line":9},"3":{"name":"(anonymous_3)","decl":{"start":{"line":11,"column":16},"end":{"line":11,"column":17}},"loc":{"start":{"line":11,"column":26},"end":{"line":11,"column":44}},"line":11},"4":{"name":"(anonymous_4)","decl":{"start":{"line":18,"column":11},"end":{"line":18,"column":12}},"loc":{"start":{"line":18,"column":17},"end":{"line":18,"column":40}},"line":18}},"branchMap":{"0":{"loc":{"start":{"line":10,"column":6},"end":{"line":15,"column":7}},"type":"if","locations":[{"start":{"line":10,"column":6},"end":{"line":15,"column":7}},{"start":{"line":13,"column":13},"end":{"line":15,"column":7}}],"line":10}},"s":{"0":0,"1":0,"2":0,"3":0,"4":0,"5":0,"6":0,"7":0,"8":0,"9":0,"10":0,"11":0,"12":0},"f":{"0":0,"1":0,"2":0,"3":0,"4":0},"b":{"0":[0,0]}}
,"/Users/johnmccants/Desktop/GA-Fall-Hackathon-2023/project/components/UserProfile.tsx": {"path":"/Users/johnmccants/Desktop/GA-Fall-Hackathon-2023/project/components/UserProfile.tsx","statementMap":{"0":{"start":{"line":19,"column":28},"end":{"line":19,"column":73}},"1":{"start":{"line":20,"column":24},"end":{"line":20,"column":36}},"2":{"start":{"line":21,"column":26},"end":{"line":21,"column":78}},"3":{"start":{"line":22,"column":52},"end":{"line":22,"column":72}},"4":{"start":{"line":23,"column":40},"end":{"line":23,"column":76}},"5":{"start":{"line":24,"column":48},"end":{"line":24,"column":72}},"6":{"start":{"line":25,"column":32},"end":{"line":25,"column":56}},"7":{"start":{"line":26,"column":17},"end":{"line":26,"column":39}},"8":{"start":{"line":28,"column":26},"end":{"line":28,"column":40}},"9":{"start":{"line":30,"column":17},"end":{"line":35,"column":3}},"10":{"start":{"line":31,"column":4},"end":{"line":34,"column":5}},"11":{"start":{"line":32,"column":6},"end":{"line":32,"column":30}},"12":{"start":{"line":33,"column":6},"end":{"line":33,"column":17}},"13":{"start":{"line":37,"column":20},"end":{"line":47,"column":3}},"14":{"start":{"line":38,"column":4},"end":{"line":46,"column":5}},"15":{"start":{"line":39,"column":21},"end":{"line":39,"column":59}},"16":{"start":{"line":41,"column":6},"end":{"line":43,"column":7}},"17":{"start":{"line":42,"column":8},"end":{"line":42,"column":24}},"18":{"start":{"line":45,"column":6},"end":{"line":45,"column":52}},"19":{"start":{"line":49,"column":2},"end":{"line":51,"column":9}},"20":{"start":{"line":50,"column":4},"end":{"line":50,"column":16}},"21":{"start":{"line":54,"column":4},"end":{"line":64,"column":5}},"22":{"start":{"line":55,"column":22},"end":{"line":55,"column":50}},"23":{"start":{"line":56,"column":6},"end":{"line":58,"column":7}},"24":{"start":{"line":57,"column":8},"end":{"line":57,"column":68}},"25":{"start":{"line":60,"column":6},"end":{"line":60,"column":36}},"26":{"start":{"line":62,"column":6},"end":{"line":62,"column":56}},"27":{"start":{"line":63,"column":6},"end":{"line":63,"column":18}},"28":{"start":{"line":67,"column":28},"end":{"line":85,"column":3}},"29":{"start":{"line":68,"column":4},"end":{"line":68,"column":21}},"30":{"start":{"line":70,"column":4},"end":{"line":84,"column":5}},"31":{"start":{"line":71,"column":23},"end":{"line":71,"column":47}},"32":{"start":{"line":72,"column":22},"end":{"line":72,"column":59}},"33":{"start":{"line":73,"column":6},"end":{"line":79,"column":7}},"34":{"start":{"line":74,"column":32},"end":{"line":76,"column":9}},"35":{"start":{"line":78,"column":8},"end":{"line":78,"column":47}},"36":{"start":{"line":81,"column":6},"end":{"line":81,"column":56}},"37":{"start":{"line":83,"column":6},"end":{"line":83,"column":24}},"38":{"start":{"line":87,"column":33},"end":{"line":92,"column":3}},"39":{"start":{"line":88,"column":27},"end":{"line":88,"column":55}},"40":{"start":{"line":89,"column":17},"end":{"line":91,"column":5}},"41":{"start":{"line":94,"column":21},"end":{"line":105,"column":3}},"42":{"start":{"line":95,"column":4},"end":{"line":104,"column":6}},"43":{"start":{"line":98,"column":41},"end":{"line":98,"column":76}},"44":{"start":{"line":108,"column":4},"end":{"line":108,"column":42}},"45":{"start":{"line":116,"column":17},"end":{"line":116,"column":32}},"46":{"start":{"line":118,"column":27},"end":{"line":126,"column":5}},"47":{"start":{"line":128,"column":21},"end":{"line":135,"column":6}},"48":{"start":{"line":137,"column":4},"end":{"line":137,"column":27}},"49":{"start":{"line":140,"column":20},"end":{"line":143,"column":3}},"50":{"start":{"line":141,"column":20},"end":{"line":141,"column":55}},"51":{"start":{"line":141,"column":42},"end":{"line":141,"column":54}},"52":{"start":{"line":142,"column":4},"end":{"line":142,"column":21}},"53":{"start":{"line":145,"column":2},"end":{"line":223,"column":4}},"54":{"start":{"line":170,"column":10},"end":{"line":190,"column":17}},"55":{"start":{"line":210,"column":43},"end":{"line":210,"column":61}},"56":{"start":{"line":226,"column":15},"end":{"line":340,"column":2}}},"fnMap":{"0":{"name":"UserProfile","decl":{"start":{"line":18,"column":9},"end":{"line":18,"column":20}},"loc":{"start":{"line":18,"column":23},"end":{"line":224,"column":1}},"line":18},"1":{"name":"(anonymous_1)","decl":{"start":{"line":30,"column":17},"end":{"line":30,"column":18}},"loc":{"start":{"line":30,"column":23},"end":{"line":35,"column":3}},"line":30},"2":{"name":"(anonymous_2)","decl":{"start":{"line":37,"column":20},"end":{"line":37,"column":21}},"loc":{"start":{"line":37,"column":32},"end":{"line":47,"column":3}},"line":37},"3":{"name":"(anonymous_3)","decl":{"start":{"line":49,"column":12},"end":{"line":49,"column":13}},"loc":{"start":{"line":49,"column":18},"end":{"line":51,"column":3}},"line":49},"4":{"name":"stringToArray","decl":{"start":{"line":53,"column":11},"end":{"line":53,"column":24}},"loc":{"start":{"line":53,"column":38},"end":{"line":65,"column":3}},"line":53},"5":{"name":"(anonymous_5)","decl":{"start":{"line":67,"column":28},"end":{"line":67,"column":29}},"loc":{"start":{"line":67,"column":40},"end":{"line":85,"column":3}},"line":67},"6":{"name":"(anonymous_6)","decl":{"start":{"line":87,"column":33},"end":{"line":87,"column":34}},"loc":{"start":{"line":87,"column":50},"end":{"line":92,"column":3}},"line":87},"7":{"name":"(anonymous_7)","decl":{"start":{"line":94,"column":21},"end":{"line":94,"column":22}},"loc":{"start":{"line":94,"column":33},"end":{"line":105,"column":3}},"line":94},"8":{"name":"(anonymous_8)","decl":{"start":{"line":98,"column":35},"end":{"line":98,"column":36}},"loc":{"start":{"line":98,"column":41},"end":{"line":98,"column":76}},"line":98},"9":{"name":"replaceSpacesWithPlus","decl":{"start":{"line":107,"column":11},"end":{"line":107,"column":32}},"loc":{"start":{"line":107,"column":46},"end":{"line":109,"column":3}},"line":107},"10":{"name":"generateGiftIdea","decl":{"start":{"line":111,"column":17},"end":{"line":111,"column":33}},"loc":{"start":{"line":111,"column":36},"end":{"line":138,"column":3}},"line":111},"11":{"name":"(anonymous_11)","decl":{"start":{"line":140,"column":20},"end":{"line":140,"column":21}},"loc":{"start":{"line":140,"column":29},"end":{"line":143,"column":3}},"line":140},"12":{"name":"(anonymous_12)","decl":{"start":{"line":141,"column":32},"end":{"line":141,"column":33}},"loc":{"start":{"line":141,"column":42},"end":{"line":141,"column":54}},"line":141},"13":{"name":"(anonymous_13)","decl":{"start":{"line":169,"column":18},"end":{"line":169,"column":19}},"loc":{"start":{"line":170,"column":10},"end":{"line":190,"column":17}},"line":170},"14":{"name":"(anonymous_14)","decl":{"start":{"line":210,"column":31},"end":{"line":210,"column":32}},"loc":{"start":{"line":210,"column":43},"end":{"line":210,"column":61}},"line":210}},"branchMap":{"0":{"loc":{"start":{"line":31,"column":4},"end":{"line":34,"column":5}},"type":"if","locations":[{"start":{"line":31,"column":4},"end":{"line":34,"column":5}},{"start":{},"end":{}}],"line":31},"1":{"loc":{"start":{"line":41,"column":6},"end":{"line":43,"column":7}},"type":"if","locations":[{"start":{"line":41,"column":6},"end":{"line":43,"column":7}},{"start":{},"end":{}}],"line":41},"2":{"loc":{"start":{"line":56,"column":6},"end":{"line":58,"column":7}},"type":"if","locations":[{"start":{"line":56,"column":6},"end":{"line":58,"column":7}},{"start":{},"end":{}}],"line":56},"3":{"loc":{"start":{"line":73,"column":6},"end":{"line":79,"column":7}},"type":"if","locations":[{"start":{"line":73,"column":6},"end":{"line":79,"column":7}},{"start":{},"end":{}}],"line":73},"4":{"loc":{"start":{"line":194,"column":7},"end":{"line":214,"column":7}},"type":"cond-expr","locations":[{"start":{"line":195,"column":8},"end":{"line":205,"column":15}},{"start":{"line":207,"column":8},"end":{"line":213,"column":15}}],"line":194},"5":{"loc":{"start":{"line":208,"column":11},"end":{"line":212,"column":11}},"type":"binary-expr","locations":[{"start":{"line":208,"column":11},"end":{"line":208,"column":22}},{"start":{"line":209,"column":12},"end":{"line":211,"column":25}}],"line":208}},"s":{"0":0,"1":0,"2":0,"3":0,"4":0,"5":0,"6":0,"7":0,"8":0,"9":0,"10":0,"11":0,"12":0,"13":0,"14":0,"15":0,"16":0,"17":0,"18":0,"19":0,"20":0,"21":0,"22":0,"23":0,"24":0,"25":0,"26":0,"27":0,"28":0,"29":0,"30":0,"31":0,"32":0,"33":0,"34":0,"35":0,"36":0,"37":0,"38":0,"39":0,"40":0,"41":0,"42":0,"43":0,"44":0,"45":0,"46":0,"47":0,"48":0,"49":0,"50":0,"51":0,"52":0,"53":0,"54":0,"55":0,"56":0},"f":{"0":0,"1":0,"2":0,"3":0,"4":0,"5":0,"6":0,"7":0,"8":0,"9":0,"10":0,"11":0,"12":0,"13":0,"14":0},"b":{"0":[0,0],"1":[0,0],"2":[0,0],"3":[0,0],"4":[0,0],"5":[0,0]}}
,"/Users/johnmccants/Desktop/GA-Fall-Hackathon-2023/project/components/skeletons/BirthdaySkeleton.tsx": {"path":"/Users/johnmccants/Desktop/GA-Fall-Hackathon-2023/project/components/skeletons/BirthdaySkeleton.tsx","statementMap":{"0":{"start":{"line":6,"column":25},"end":{"line":72,"column":1}},"1":{"start":{"line":7,"column":20},"end":{"line":7,"column":27}},"2":{"start":{"line":8,"column":2},"end":{"line":71,"column":4}},"3":{"start":{"line":74,"column":15},"end":{"line":276,"column":2}}},"fnMap":{"0":{"name":"(anonymous_0)","decl":{"start":{"line":6,"column":25},"end":{"line":6,"column":26}},"loc":{"start":{"line":6,"column":31},"end":{"line":72,"column":1}},"line":6}},"branchMap":{},"s":{"0":0,"1":0,"2":0,"3":0},"f":{"0":0},"b":{}}
,"/Users/johnmccants/Desktop/GA-Fall-Hackathon-2023/project/components/skeletons/ReminderSkeleton.tsx": {"path":"/Users/johnmccants/Desktop/GA-Fall-Hackathon-2023/project/components/skeletons/ReminderSkeleton.tsx","statementMap":{"0":{"start":{"line":6,"column":25},"end":{"line":26,"column":1}},"1":{"start":{"line":7,"column":20},"end":{"line":7,"column":27}},"2":{"start":{"line":8,"column":2},"end":{"line":25,"column":4}},"3":{"start":{"line":28,"column":15},"end":{"line":230,"column":2}}},"fnMap":{"0":{"name":"(anonymous_0)","decl":{"start":{"line":6,"column":25},"end":{"line":6,"column":26}},"loc":{"start":{"line":6,"column":31},"end":{"line":26,"column":1}},"line":6}},"branchMap":{},"s":{"0":0,"1":0,"2":0,"3":0},"f":{"0":0},"b":{}}
,"/Users/johnmccants/Desktop/GA-Fall-Hackathon-2023/project/components/skeletons/SearchBarSkeleton.tsx": {"path":"/Users/johnmccants/Desktop/GA-Fall-Hackathon-2023/project/components/skeletons/SearchBarSkeleton.tsx","statementMap":{"0":{"start":{"line":6,"column":26},"end":{"line":13,"column":1}},"1":{"start":{"line":7,"column":2},"end":{"line":12,"column":4}},"2":{"start":{"line":15,"column":15},"end":{"line":28,"column":2}}},"fnMap":{"0":{"name":"(anonymous_0)","decl":{"start":{"line":6,"column":26},"end":{"line":6,"column":27}},"loc":{"start":{"line":6,"column":32},"end":{"line":13,"column":1}},"line":6}},"branchMap":{},"s":{"0":0,"1":0,"2":0},"f":{"0":0},"b":{}}
,"/Users/johnmccants/Desktop/GA-Fall-Hackathon-2023/project/constants/Colors.ts": {"path":"/Users/johnmccants/Desktop/GA-Fall-Hackathon-2023/project/constants/Colors.ts","statementMap":{"0":{"start":{"line":1,"column":23},"end":{"line":1,"column":32}},"1":{"start":{"line":2,"column":22},"end":{"line":2,"column":28}}},"fnMap":{},"branchMap":{},"s":{"0":1,"1":1},"f":{},"b":{},"_coverageSchema":"1a1c01bbd47fc00a2c39e90264f33305004495a9","hash":"1038d56a216f80ddcf611ed62656d8a4183ad29e"}
,"/Users/johnmccants/Desktop/GA-Fall-Hackathon-2023/project/constants/Data.ts": {"path":"/Users/johnmccants/Desktop/GA-Fall-Hackathon-2023/project/constants/Data.ts","statementMap":{"0":{"start":{"line":1,"column":21},"end":{"line":51,"column":1}}},"fnMap":{},"branchMap":{},"s":{"0":0},"f":{},"b":{}}
,"/Users/johnmccants/Desktop/GA-Fall-Hackathon-2023/project/constants/Theme.ts": {"path":"/Users/johnmccants/Desktop/GA-Fall-Hackathon-2023/project/constants/Theme.ts","statementMap":{"0":{"start":{"line":1,"column":22},"end":{"line":8,"column":1}},"1":{"start":{"line":10,"column":23},"end":{"line":21,"column":1}}},"fnMap":{},"branchMap":{},"s":{"0":1,"1":1},"f":{},"b":{},"_coverageSchema":"1a1c01bbd47fc00a2c39e90264f33305004495a9","hash":"79af89f51922bee2a2922d0d2146eecb31fe8005"}
,"/Users/johnmccants/Desktop/GA-Fall-Hackathon-2023/project/constants/interfaces.ts": {"path":"/Users/johnmccants/Desktop/GA-Fall-Hackathon-2023/project/constants/interfaces.ts","statementMap":{},"fnMap":{},"branchMap":{},"s":{},"f":{},"b":{}}
,"/Users/johnmccants/Desktop/GA-Fall-Hackathon-2023/project/data/mockData.ts": {"path":"/Users/johnmccants/Desktop/GA-Fall-Hackathon-2023/project/data/mockData.ts","statementMap":{"0":{"start":{"line":1,"column":26},"end":{"line":27,"column":1}}},"fnMap":{},"branchMap":{},"s":{"0":1},"f":{},"b":{},"_coverageSchema":"1a1c01bbd47fc00a2c39e90264f33305004495a9","hash":"e6c85995b75a6b77c2f66efd6920ff85015d2ca5"}
,"/Users/johnmccants/Desktop/GA-Fall-Hackathon-2023/project/utilities/storage.ts": {"path":"/Users/johnmccants/Desktop/GA-Fall-Hackathon-2023/project/utilities/storage.ts","statementMap":{"0":{"start":{"line":4,"column":28},"end":{"line":22,"column":1}},"1":{"start":{"line":5,"column":2},"end":{"line":21,"column":3}},"2":{"start":{"line":6,"column":22},"end":{"line":6,"column":55}},"3":{"start":{"line":8,"column":4},"end":{"line":12,"column":5}},"4":{"start":{"line":9,"column":6},"end":{"line":9,"column":18}},"5":{"start":{"line":11,"column":6},"end":{"line":11,"column":19}},"6":{"start":{"line":14,"column":22},"end":{"line":14,"column":65}},"7":{"start":{"line":16,"column":4},"end":{"line":20,"column":5}},"8":{"start":{"line":17,"column":6},"end":{"line":17,"column":18}},"9":{"start":{"line":19,"column":6},"end":{"line":19,"column":19}}},"fnMap":{"0":{"name":"(anonymous_0)","decl":{"start":{"line":4,"column":28},"end":{"line":4,"column":29}},"loc":{"start":{"line":4,"column":40},"end":{"line":22,"column":1}},"line":4}},"branchMap":{"0":{"loc":{"start":{"line":5,"column":2},"end":{"line":21,"column":3}},"type":"if","locations":[{"start":{"line":5,"column":2},"end":{"line":21,"column":3}},{"start":{"line":13,"column":9},"end":{"line":21,"column":3}}],"line":5},"1":{"loc":{"start":{"line":8,"column":4},"end":{"line":12,"column":5}},"type":"if","locations":[{"start":{"line":8,"column":4},"end":{"line":12,"column":5}},{"start":{"line":10,"column":11},"end":{"line":12,"column":5}}],"line":8},"2":{"loc":{"start":{"line":16,"column":4},"end":{"line":20,"column":5}},"type":"if","locations":[{"start":{"line":16,"column":4},"end":{"line":20,"column":5}},{"start":{"line":18,"column":11},"end":{"line":20,"column":5}}],"line":16}},"s":{"0":0,"1":0,"2":0,"3":0,"4":0,"5":0,"6":0,"7":0,"8":0,"9":0},"f":{"0":0},"b":{"0":[0,0],"1":[0,0],"2":[0,0]}}
}
