TN:
SF:expo-env.d.ts
FNF:0
FNH:0
LF:0
LH:0
BRF:0
BRH:0
end_of_record
TN:
SF:.expo/types/router.d.ts
FNF:0
FNH:0
LF:0
LH:0
BRF:0
BRH:0
end_of_record
TN:
SF:app/+html.tsx
FN:7,Root
FNF:1
FNH:0
FNDA:0,Root
DA:8,0
DA:38,0
LF:2
LH:0
BRF:0
BRH:0
end_of_record
TN:
SF:app/[...missing].tsx
FN:6,NotFoundScreen
FNF:1
FNH:0
FNDA:0,NotFoundScreen
DA:7,0
DA:21,0
LF:2
LH:0
BRF:0
BRH:0
end_of_record
TN:
SF:app/_layout.tsx
FN:31,RootLayout
FN:45,(anonymous_1)
FN:49,(anonymous_2)
FN:62,RootLayoutNav
FNF:4
FNH:0
FNDA:0,RootLayout
FNDA:0,(anonymous_1)
FNDA:0,(anonymous_2)
FNDA:0,RootLayoutNav
DA:23,0
DA:29,0
DA:32,0
DA:45,0
DA:46,0
DA:49,0
DA:50,0
DA:51,0
DA:55,0
DA:56,0
DA:59,0
DA:63,0
DA:65,0
LF:13
LH:0
BRDA:46,0,0,0
BRDA:46,0,1,0
BRDA:50,1,0,0
BRDA:50,1,1,0
BRDA:55,2,0,0
BRDA:55,2,1,0
BRF:6
BRH:0
end_of_record
TN:
SF:app/add-friend.tsx
FN:9,Page
FN:16,(anonymous_1)
FNF:2
FNH:0
FNDA:0,Page
FNDA:0,(anonymous_1)
DA:10,0
DA:16,0
DA:27,0
LF:3
LH:0
BRF:0
BRH:0
end_of_record
TN:
SF:app/settings.tsx
FN:3,Page
FNF:1
FNH:0
FNDA:0,Page
DA:4,0
LF:1
LH:0
BRF:0
BRH:0
end_of_record
TN:
SF:app/(auth)/_layout.tsx
FN:4,AuthLayout
FNF:1
FNH:0
FNDA:0,AuthLayout
DA:5,0
LF:1
LH:0
BRF:0
BRH:0
end_of_record
TN:
SF:app/(auth)/landing.tsx
FN:5,(anonymous_0)
FNF:1
FNH:0
FNDA:0,(anonymous_0)
DA:5,0
DA:6,0
LF:2
LH:0
BRF:0
BRH:0
end_of_record
TN:
SF:app/(auth)/login.tsx
FN:6,(anonymous_0)
FNF:1
FNH:0
FNDA:0,(anonymous_0)
DA:6,0
DA:7,0
LF:2
LH:0
BRF:0
BRH:0
end_of_record
TN:
SF:app/(auth)/signup.tsx
FN:5,(anonymous_0)
FNF:1
FNH:0
FNDA:0,(anonymous_0)
DA:5,0
DA:6,0
LF:2
LH:0
BRF:0
BRH:0
end_of_record
TN:
SF:app/(tabs)/_layout.tsx
FN:12,TabBarIcon
FN:19,TabLayout
FN:32,(anonymous_2)
FN:43,(anonymous_3)
FN:52,(anonymous_4)
FN:66,(anonymous_5)
FN:74,(anonymous_6)
FN:104,(anonymous_7)
FN:120,(anonymous_8)
FN:136,(anonymous_9)
FN:152,(anonymous_10)
FNF:11
FNH:0
FNDA:0,TabBarIcon
FNDA:0,TabLayout
FNDA:0,(anonymous_2)
FNDA:0,(anonymous_3)
FNDA:0,(anonymous_4)
FNDA:0,(anonymous_5)
FNDA:0,(anonymous_6)
FNDA:0,(anonymous_7)
FNDA:0,(anonymous_8)
FNDA:0,(anonymous_9)
FNDA:0,(anonymous_10)
DA:16,0
DA:20,0
DA:22,0
DA:33,0
DA:44,0
DA:53,0
DA:67,0
DA:75,0
DA:105,0
DA:121,0
DA:137,0
DA:153,0
LF:12
LH:0
BRF:0
BRH:0
end_of_record
TN:
SF:app/(tabs)/calendar.tsx
FN:5,(anonymous_0)
FNF:1
FNH:0
FNDA:0,(anonymous_0)
DA:5,0
DA:6,0
LF:2
LH:0
BRF:0
BRH:0
end_of_record
TN:
SF:app/(tabs)/gifts.tsx
FN:5,(anonymous_0)
FNF:1
FNH:0
FNDA:0,(anonymous_0)
DA:5,0
DA:6,0
LF:2
LH:0
BRF:0
BRH:0
end_of_record
TN:
SF:app/(tabs)/index.tsx
FN:9,TabOneScreen
FNF:1
FNH:0
FNDA:0,TabOneScreen
DA:10,0
DA:11,0
DA:37,0
LF:3
LH:0
BRF:0
BRH:0
end_of_record
TN:
SF:app/(tabs)/profile.tsx
FN:8,Page
FNF:1
FNH:0
FNDA:0,Page
DA:9,0
LF:1
LH:0
BRF:0
BRH:0
end_of_record
TN:
SF:app/(tabs)/reminders.tsx
FN:5,(anonymous_0)
FNF:1
FNH:0
FNDA:0,(anonymous_0)
DA:5,0
DA:6,0
LF:2
LH:0
BRF:0
BRH:0
end_of_record
TN:
SF:app/users/[id]/add-tags.tsx
FN:6,(anonymous_0)
FN:13,(anonymous_1)
FNF:2
FNH:0
FNDA:0,(anonymous_0)
FNDA:0,(anonymous_1)
DA:6,0
DA:7,0
DA:13,0
LF:3
LH:0
BRF:0
BRH:0
end_of_record
TN:
SF:app/users/[id]/edit-tags.tsx
FN:6,(anonymous_0)
FN:9,(anonymous_1)
FNF:2
FNH:0
FNDA:0,(anonymous_0)
FNDA:0,(anonymous_1)
DA:6,0
DA:7,0
DA:9,0
LF:3
LH:0
BRF:0
BRH:0
end_of_record
TN:
SF:app/users/[id]/filters.tsx
FN:6,(anonymous_0)
FN:13,(anonymous_1)
FNF:2
FNH:0
FNDA:0,(anonymous_0)
FNDA:0,(anonymous_1)
DA:6,0
DA:7,0
DA:13,0
LF:3
LH:0
BRF:0
BRH:0
end_of_record
TN:
SF:app/users/[id]/index.tsx
FN:3,(anonymous_0)
FNF:1
FNH:0
FNDA:0,(anonymous_0)
DA:3,0
DA:4,0
DA:6,0
DA:8,0
LF:4
LH:0
BRF:0
BRH:0
end_of_record
TN:
SF:app/users/[id]/update.tsx
FN:7,(anonymous_0)
FN:14,(anonymous_1)
FNF:2
FNH:0
FNDA:0,(anonymous_0)
FNDA:0,(anonymous_1)
DA:7,0
DA:8,0
DA:14,0
LF:3
LH:0
BRF:0
BRH:0
end_of_record
TN:
SF:components/AddBirthday.tsx
FN:14,AddBirthdayScreen
FN:20,(anonymous_1)
FN:26,(anonymous_2)
FN:45,(anonymous_3)
FNF:4
FNH:0
FNDA:0,AddBirthdayScreen
FNDA:0,(anonymous_1)
FNDA:0,(anonymous_2)
FNDA:0,(anonymous_3)
DA:15,0
DA:16,0
DA:17,0
DA:18,0
DA:20,0
DA:21,0
DA:22,0
DA:23,0
DA:26,0
DA:30,0
DA:45,0
DA:63,0
LF:12
LH:0
BRDA:21,0,0,0
BRDA:21,0,1,0
BRDA:50,1,0,0
BRDA:50,1,1,0
BRF:4
BRH:0
end_of_record
TN:
SF:components/AddBirthday2.tsx
FN:16,AddBirthdayScreen
FN:37,(anonymous_1)
FN:42,(anonymous_2)
FN:60,(anonymous_3)
FN:66,(anonymous_4)
FN:106,(anonymous_5)
FN:122,(anonymous_6)
FN:128,(anonymous_7)
FN:134,(anonymous_8)
FN:142,(anonymous_9)
FN:164,(anonymous_10)
FN:168,(anonymous_11)
FN:173,(anonymous_12)
FNF:13
FNH:0
FNDA:0,AddBirthdayScreen
FNDA:0,(anonymous_1)
FNDA:0,(anonymous_2)
FNDA:0,(anonymous_3)
FNDA:0,(anonymous_4)
FNDA:0,(anonymous_5)
FNDA:0,(anonymous_6)
FNDA:0,(anonymous_7)
FNDA:0,(anonymous_8)
FNDA:0,(anonymous_9)
FNDA:0,(anonymous_10)
FNDA:0,(anonymous_11)
FNDA:0,(anonymous_12)
DA:17,0
DA:18,0
DA:19,0
DA:20,0
DA:22,0
DA:23,0
DA:24,0
DA:25,0
DA:27,0
DA:28,0
DA:30,0
DA:37,0
DA:38,0
DA:39,0
DA:42,0
DA:43,0
DA:45,0
DA:46,0
DA:48,0
DA:49,0
DA:51,0
DA:52,0
DA:54,0
DA:55,0
DA:57,0
DA:60,0
DA:61,0
DA:62,0
DA:63,0
DA:66,0
DA:67,0
DA:68,0
DA:69,0
DA:72,0
DA:75,0
DA:81,0
DA:82,0
DA:83,0
DA:86,0
DA:106,0
DA:122,0
DA:128,0
DA:134,0
DA:142,0
DA:165,0
DA:168,0
DA:173,0
DA:180,0
LF:48
LH:0
BRDA:43,0,0,0
BRDA:43,0,1,0
BRDA:43,0,2,0
BRDA:43,0,3,0
BRDA:61,1,0,0
BRDA:61,1,1,0
BRDA:67,2,0,0
BRDA:67,2,1,0
BRDA:67,3,0,0
BRDA:67,3,1,0
BRDA:111,4,0,0
BRDA:111,4,1,0
BRDA:124,5,0,0
BRDA:124,5,1,0
BRDA:130,6,0,0
BRDA:130,6,1,0
BRDA:137,7,0,0
BRDA:137,7,1,0
BRDA:144,8,0,0
BRDA:144,8,1,0
BRF:20
BRH:0
end_of_record
TN:
SF:components/AddButton.tsx
FN:6,(anonymous_0)
FN:11,(anonymous_1)
FNF:2
FNH:0
FNDA:0,(anonymous_0)
FNDA:0,(anonymous_1)
DA:6,0
DA:7,0
DA:9,0
DA:11,0
DA:29,0
LF:5
LH:0
BRF:0
BRH:0
end_of_record
TN:
SF:components/AddTags.tsx
FN:18,AddTags
FN:48,(anonymous_1)
FN:55,(anonymous_2)
FN:59,(anonymous_3)
FN:61,(anonymous_4)
FN:63,(anonymous_5)
FN:67,(anonymous_6)
FN:69,(anonymous_7)
FN:74,scrollViewSizeChanged
FN:79,(anonymous_9)
FN:83,(anonymous_10)
FN:148,(anonymous_11)
FN:153,(anonymous_12)
FN:164,(anonymous_13)
FN:168,(anonymous_14)
FN:171,(anonymous_15)
FN:186,(anonymous_16)
FNF:17
FNH:0
FNDA:0,AddTags
FNDA:0,(anonymous_1)
FNDA:0,(anonymous_2)
FNDA:0,(anonymous_3)
FNDA:0,(anonymous_4)
FNDA:0,(anonymous_5)
FNDA:0,(anonymous_6)
FNDA:0,(anonymous_7)
FNDA:0,scrollViewSizeChanged
FNDA:0,(anonymous_9)
FNDA:0,(anonymous_10)
FNDA:0,(anonymous_11)
FNDA:0,(anonymous_12)
FNDA:0,(anonymous_13)
FNDA:0,(anonymous_14)
FNDA:0,(anonymous_15)
FNDA:0,(anonymous_16)
DA:19,0
DA:21,0
DA:22,0
DA:28,0
DA:43,0
DA:44,0
DA:45,0
DA:46,0
DA:48,0
DA:49,0
DA:51,0
DA:52,0
DA:55,0
DA:56,0
DA:59,0
DA:61,0
DA:62,0
DA:63,0
DA:67,0
DA:68,0
DA:69,0
DA:70,0
DA:76,0
DA:79,0
DA:80,0
DA:82,0
DA:83,0
DA:84,0
DA:91,0
DA:94,0
DA:95,0
DA:98,0
DA:149,0
DA:154,0
DA:165,0
DA:169,0
DA:171,0
DA:187,0
DA:199,1
LF:39
LH:1
BRDA:62,0,0,0
BRDA:62,0,1,0
BRDA:68,1,0,0
BRDA:68,1,1,0
BRDA:68,2,0,0
BRDA:68,2,1,0
BRF:6
BRH:0
end_of_record
TN:
SF:components/AuthContext.tsx
FN:10,useProtectedRoute
FN:14,(anonymous_1)
FN:18,(anonymous_2)
FN:26,(anonymous_3)
FN:37,(anonymous_4)
FN:43,(anonymous_5)
FN:47,(anonymous_6)
FN:70,(anonymous_7)
FN:72,(anonymous_8)
FN:100,(anonymous_9)
FNF:10
FNH:0
FNDA:0,useProtectedRoute
FNDA:0,(anonymous_1)
FNDA:0,(anonymous_2)
FNDA:0,(anonymous_3)
FNDA:0,(anonymous_4)
FNDA:0,(anonymous_5)
FNDA:0,(anonymous_6)
FNDA:0,(anonymous_7)
FNDA:0,(anonymous_8)
FNDA:0,(anonymous_9)
DA:8,0
DA:11,0
DA:12,0
DA:14,0
DA:15,0
DA:17,0
DA:18,0
DA:19,0
DA:20,0
DA:21,0
DA:22,0
DA:26,0
DA:27,0
DA:28,0
DA:29,0
DA:30,0
DA:37,0
DA:38,0
DA:39,0
DA:40,0
DA:43,0
DA:44,0
DA:47,0
DA:48,0
DA:49,0
DA:50,0
DA:51,0
DA:52,0
DA:53,0
DA:54,0
DA:57,0
DA:58,0
DA:59,0
DA:60,0
DA:61,0
DA:62,0
DA:67,0
DA:70,0
DA:72,0
DA:73,0
DA:74,0
DA:75,0
DA:77,0
DA:81,0
DA:100,0
DA:101,0
DA:102,0
DA:103,0
DA:105,0
LF:49
LH:0
BRDA:17,0,0,0
BRDA:17,0,1,0
BRDA:17,1,0,0
BRDA:17,1,1,0
BRDA:19,2,0,0
BRDA:19,2,1,0
BRDA:21,3,0,0
BRDA:21,3,1,0
BRDA:27,4,0,0
BRDA:27,4,1,0
BRDA:29,5,0,0
BRDA:29,5,1,0
BRDA:48,6,0,0
BRDA:48,6,1,0
BRDA:50,7,0,0
BRDA:50,7,1,0
BRDA:58,8,0,0
BRDA:58,8,1,0
BRDA:74,9,0,0
BRDA:74,9,1,0
BRDA:102,10,0,0
BRDA:102,10,1,0
BRF:22
BRH:0
end_of_record
TN:
SF:components/BirthdayNotification.tsx
FN:6,BirthdayNotification
FN:15,(anonymous_1)
FNF:2
FNH:0
FNDA:0,BirthdayNotification
FNDA:0,(anonymous_1)
DA:7,0
DA:26,0
LF:2
LH:0
BRF:0
BRH:0
end_of_record
TN:
SF:components/Calendar.tsx
FN:17,formatDate
FN:52,(anonymous_1)
FN:83,(anonymous_2)
FN:86,(anonymous_3)
FN:111,(anonymous_4)
FN:120,(anonymous_5)
FN:127,(anonymous_6)
FN:134,(anonymous_7)
FN:141,(anonymous_8)
FN:149,(anonymous_9)
FN:153,(anonymous_10)
FNF:11
FNH:0
FNDA:0,formatDate
FNDA:0,(anonymous_1)
FNDA:0,(anonymous_2)
FNDA:0,(anonymous_3)
FNDA:0,(anonymous_4)
FNDA:0,(anonymous_5)
FNDA:0,(anonymous_6)
FNDA:0,(anonymous_7)
FNDA:0,(anonymous_8)
FNDA:0,(anonymous_9)
FNDA:0,(anonymous_10)
DA:18,0
DA:19,0
DA:20,0
DA:22,0
DA:25,0
DA:44,0
DA:53,0
DA:83,0
DA:84,0
DA:86,0
DA:87,0
DA:88,0
DA:89,0
DA:91,0
DA:92,0
DA:94,0
DA:95,0
DA:96,0
DA:110,0
DA:111,0
DA:112,0
DA:114,0
DA:120,0
DA:121,0
DA:122,0
DA:124,0
DA:127,0
DA:128,0
DA:129,0
DA:131,0
DA:134,0
DA:141,0
DA:142,0
DA:149,0
DA:150,0
DA:154,0
DA:155,0
DA:159,0
LF:38
LH:0
BRDA:84,0,0,0
BRDA:84,0,1,0
BRDA:91,1,0,0
BRDA:91,1,1,0
BRDA:121,2,0,0
BRDA:121,2,1,0
BRDA:128,3,0,0
BRDA:128,3,1,0
BRDA:129,4,0,0
BRDA:129,4,1,0
BRF:10
BRH:0
end_of_record
TN:
SF:components/CreateFriendProfile.tsx
FN:22,convertDateFormat
FN:34,CreateFriendsProfile
FN:55,(anonymous_2)
FN:59,(anonymous_3)
FN:63,(anonymous_4)
FN:70,(anonymous_5)
FN:72,(anonymous_6)
FN:73,(anonymous_7)
FN:76,(anonymous_8)
FN:80,(anonymous_9)
FN:94,(anonymous_10)
FN:95,(anonymous_11)
FN:101,(anonymous_12)
FN:104,(anonymous_13)
FN:150,(anonymous_14)
FN:204,(anonymous_15)
FN:217,(anonymous_16)
FN:230,(anonymous_17)
FN:244,(anonymous_18)
FN:257,(anonymous_19)
FN:269,(anonymous_20)
FN:281,(anonymous_21)
FN:293,(anonymous_22)
FN:300,(anonymous_23)
FNF:24
FNH:0
FNDA:0,convertDateFormat
FNDA:0,CreateFriendsProfile
FNDA:0,(anonymous_2)
FNDA:0,(anonymous_3)
FNDA:0,(anonymous_4)
FNDA:0,(anonymous_5)
FNDA:0,(anonymous_6)
FNDA:0,(anonymous_7)
FNDA:0,(anonymous_8)
FNDA:0,(anonymous_9)
FNDA:0,(anonymous_10)
FNDA:0,(anonymous_11)
FNDA:0,(anonymous_12)
FNDA:0,(anonymous_13)
FNDA:0,(anonymous_14)
FNDA:0,(anonymous_15)
FNDA:0,(anonymous_16)
FNDA:0,(anonymous_17)
FNDA:0,(anonymous_18)
FNDA:0,(anonymous_19)
FNDA:0,(anonymous_20)
FNDA:0,(anonymous_21)
FNDA:0,(anonymous_22)
FNDA:0,(anonymous_23)
DA:23,0
DA:24,0
DA:28,0
DA:29,0
DA:31,0
DA:35,0
DA:43,0
DA:44,0
DA:45,0
DA:46,0
DA:47,0
DA:48,0
DA:49,0
DA:51,0
DA:53,0
DA:55,0
DA:56,0
DA:59,0
DA:60,0
DA:63,0
DA:64,0
DA:65,0
DA:66,0
DA:67,0
DA:70,0
DA:71,0
DA:72,0
DA:73,0
DA:76,0
DA:80,0
DA:82,0
DA:89,0
DA:90,0
DA:94,0
DA:95,0
DA:101,0
DA:102,0
DA:104,0
DA:106,0
DA:115,0
DA:118,0
DA:150,0
DA:205,0
DA:206,0
DA:218,0
DA:219,0
DA:231,0
DA:232,0
DA:244,0
DA:257,0
DA:269,0
DA:281,0
DA:293,0
DA:301,0
DA:315,0
LF:55
LH:0
BRDA:71,0,0,0
BRDA:71,0,1,0
BRDA:89,1,0,0
BRDA:89,1,1,0
BRDA:115,2,0,0
BRDA:115,2,1,0
BRDA:134,3,0,0
BRDA:134,3,1,0
BRDA:202,4,0,0
BRDA:202,4,1,0
BRDA:215,5,0,0
BRDA:215,5,1,0
BRDA:228,6,0,0
BRDA:228,6,1,0
BRDA:253,7,0,0
BRDA:253,7,1,0
BRDA:265,8,0,0
BRDA:265,8,1,0
BRDA:277,9,0,0
BRDA:277,9,1,0
BRF:20
BRH:0
end_of_record
TN:
SF:components/CurrentUserProfile.tsx
FN:21,CurrentUserProfileScreen
FN:27,(anonymous_1)
FN:31,(anonymous_2)
FN:35,(anonymous_3)
FN:43,(anonymous_4)
FN:102,(anonymous_5)
FN:112,(anonymous_6)
FNF:7
FNH:0
FNDA:0,CurrentUserProfileScreen
FNDA:0,(anonymous_1)
FNDA:0,(anonymous_2)
FNDA:0,(anonymous_3)
FNDA:0,(anonymous_4)
FNDA:0,(anonymous_5)
FNDA:0,(anonymous_6)
DA:1,0
DA:22,0
DA:23,0
DA:25,0
DA:27,0
DA:28,0
DA:31,0
DA:32,0
DA:35,0
DA:36,0
DA:37,0
DA:39,0
DA:43,0
DA:44,0
DA:45,0
DA:47,0
DA:50,0
DA:102,0
DA:112,0
DA:135,0
LF:20
LH:0
BRDA:71,0,0,0
BRDA:71,0,1,0
BRDA:105,1,0,0
BRDA:105,1,1,0
BRDA:115,2,0,0
BRDA:115,2,1,0
BRDA:122,3,0,0
BRDA:122,3,1,0
BRF:8
BRH:0
end_of_record
TN:
SF:components/EditFriendProfile.tsx
FN:26,capitalizeFirstLetter
FN:30,convertDateFormat
FN:42,EditFriendProfile
FN:67,(anonymous_3)
FN:71,(anonymous_4)
FN:75,(anonymous_5)
FN:79,(anonymous_6)
FN:86,(anonymous_7)
FN:102,(anonymous_8)
FN:114,(anonymous_9)
FN:116,(anonymous_10)
FN:117,(anonymous_11)
FN:120,(anonymous_12)
FN:124,(anonymous_13)
FN:138,(anonymous_14)
FN:139,(anonymous_15)
FN:145,(anonymous_16)
FN:149,(anonymous_17)
FN:164,(anonymous_18)
FN:201,(anonymous_19)
FN:248,(anonymous_20)
FN:261,(anonymous_21)
FN:274,(anonymous_22)
FN:288,(anonymous_23)
FN:303,(anonymous_24)
FN:315,(anonymous_25)
FN:327,(anonymous_26)
FN:339,(anonymous_27)
FN:346,(anonymous_28)
FNF:29
FNH:0
FNDA:0,capitalizeFirstLetter
FNDA:0,convertDateFormat
FNDA:0,EditFriendProfile
FNDA:0,(anonymous_3)
FNDA:0,(anonymous_4)
FNDA:0,(anonymous_5)
FNDA:0,(anonymous_6)
FNDA:0,(anonymous_7)
FNDA:0,(anonymous_8)
FNDA:0,(anonymous_9)
FNDA:0,(anonymous_10)
FNDA:0,(anonymous_11)
FNDA:0,(anonymous_12)
FNDA:0,(anonymous_13)
FNDA:0,(anonymous_14)
FNDA:0,(anonymous_15)
FNDA:0,(anonymous_16)
FNDA:0,(anonymous_17)
FNDA:0,(anonymous_18)
FNDA:0,(anonymous_19)
FNDA:0,(anonymous_20)
FNDA:0,(anonymous_21)
FNDA:0,(anonymous_22)
FNDA:0,(anonymous_23)
FNDA:0,(anonymous_24)
FNDA:0,(anonymous_25)
FNDA:0,(anonymous_26)
FNDA:0,(anonymous_27)
FNDA:0,(anonymous_28)
DA:27,0
DA:31,0
DA:32,0
DA:36,0
DA:37,0
DA:39,0
DA:43,0
DA:51,0
DA:52,0
DA:53,0
DA:54,0
DA:55,0
DA:56,0
DA:57,0
DA:58,0
DA:59,0
DA:61,0
DA:63,0
DA:65,0
DA:67,0
DA:68,0
DA:71,0
DA:72,0
DA:75,0
DA:76,0
DA:79,0
DA:80,0
DA:81,0
DA:82,0
DA:83,0
DA:86,0
DA:87,0
DA:88,0
DA:89,0
DA:90,0
DA:91,0
DA:96,0
DA:98,0
DA:99,0
DA:101,0
DA:102,0
DA:103,0
DA:105,0
DA:107,0
DA:110,0
DA:114,0
DA:115,0
DA:116,0
DA:117,0
DA:120,0
DA:124,0
DA:126,0
DA:133,0
DA:134,0
DA:138,0
DA:139,0
DA:145,0
DA:146,0
DA:147,0
DA:149,0
DA:152,0
DA:153,0
DA:155,0
DA:157,0
DA:158,0
DA:164,0
DA:165,0
DA:168,0
DA:201,0
DA:249,0
DA:250,0
DA:262,0
DA:263,0
DA:275,0
DA:276,0
DA:288,0
DA:303,0
DA:315,0
DA:327,0
DA:339,0
DA:347,0
DA:370,0
LF:82
LH:0
BRDA:89,0,0,0
BRDA:89,0,1,0
BRDA:92,1,0,0
BRDA:92,1,1,0
BRDA:101,2,0,0
BRDA:101,2,1,0
BRDA:115,3,0,0
BRDA:115,3,1,0
BRDA:133,4,0,0
BRDA:133,4,1,0
BRDA:185,5,0,0
BRDA:185,5,1,0
BRDA:246,6,0,0
BRDA:246,6,1,0
BRDA:259,7,0,0
BRDA:259,7,1,0
BRDA:272,8,0,0
BRDA:272,8,1,0
BRDA:299,9,0,0
BRDA:299,9,1,0
BRDA:311,10,0,0
BRDA:311,10,1,0
BRDA:323,11,0,0
BRDA:323,11,1,0
BRDA:352,12,0,0
BRDA:352,12,1,0
BRF:26
BRH:0
end_of_record
TN:
SF:components/EditFriendProfile.web.tsx
FN:26,capitalizeFirstLetter
FN:30,EditFriendProfile
FN:53,(anonymous_2)
FN:55,(anonymous_3)
FN:71,(anonymous_4)
FN:83,(anonymous_5)
FN:85,(anonymous_6)
FN:86,(anonymous_7)
FN:89,(anonymous_8)
FN:93,(anonymous_9)
FN:107,(anonymous_10)
FN:108,(anonymous_11)
FN:114,(anonymous_12)
FN:120,(anonymous_13)
FN:128,(anonymous_14)
FN:136,(anonymous_15)
FN:176,(anonymous_16)
FN:183,(anonymous_17)
FN:192,(anonymous_18)
FN:205,(anonymous_19)
FN:218,(anonymous_20)
FN:232,(anonymous_21)
FN:247,(anonymous_22)
FN:259,(anonymous_23)
FN:271,(anonymous_24)
FN:283,(anonymous_25)
FN:290,(anonymous_26)
FNF:27
FNH:0
FNDA:0,capitalizeFirstLetter
FNDA:0,EditFriendProfile
FNDA:0,(anonymous_2)
FNDA:0,(anonymous_3)
FNDA:0,(anonymous_4)
FNDA:0,(anonymous_5)
FNDA:0,(anonymous_6)
FNDA:0,(anonymous_7)
FNDA:0,(anonymous_8)
FNDA:0,(anonymous_9)
FNDA:0,(anonymous_10)
FNDA:0,(anonymous_11)
FNDA:0,(anonymous_12)
FNDA:0,(anonymous_13)
FNDA:0,(anonymous_14)
FNDA:0,(anonymous_15)
FNDA:0,(anonymous_16)
FNDA:0,(anonymous_17)
FNDA:0,(anonymous_18)
FNDA:0,(anonymous_19)
FNDA:0,(anonymous_20)
FNDA:0,(anonymous_21)
FNDA:0,(anonymous_22)
FNDA:0,(anonymous_23)
FNDA:0,(anonymous_24)
FNDA:0,(anonymous_25)
FNDA:0,(anonymous_26)
DA:27,0
DA:31,0
DA:39,0
DA:40,0
DA:41,0
DA:42,0
DA:43,0
DA:44,0
DA:45,0
DA:47,0
DA:49,0
DA:51,0
DA:53,0
DA:55,0
DA:56,0
DA:57,0
DA:58,0
DA:59,0
DA:60,0
DA:65,0
DA:67,0
DA:68,0
DA:70,0
DA:71,0
DA:72,0
DA:74,0
DA:76,0
DA:79,0
DA:83,0
DA:84,0
DA:85,0
DA:86,0
DA:89,0
DA:93,0
DA:95,0
DA:102,0
DA:103,0
DA:107,0
DA:108,0
DA:114,0
DA:115,0
DA:117,0
DA:118,0
DA:120,0
DA:123,0
DA:124,0
DA:126,0
DA:128,0
DA:129,0
DA:136,0
DA:137,0
DA:140,0
DA:176,0
DA:183,0
DA:193,0
DA:194,0
DA:206,0
DA:207,0
DA:219,0
DA:220,0
DA:232,0
DA:247,0
DA:259,0
DA:271,0
DA:283,0
DA:291,0
DA:314,0
LF:67
LH:0
BRDA:58,0,0,0
BRDA:58,0,1,0
BRDA:61,1,0,0
BRDA:61,1,1,0
BRDA:70,2,0,0
BRDA:70,2,1,0
BRDA:84,3,0,0
BRDA:84,3,1,0
BRDA:102,4,0,0
BRDA:102,4,1,0
BRDA:160,5,0,0
BRDA:160,5,1,0
BRDA:190,6,0,0
BRDA:190,6,1,0
BRDA:203,7,0,0
BRDA:203,7,1,0
BRDA:216,8,0,0
BRDA:216,8,1,0
BRDA:243,9,0,0
BRDA:243,9,1,0
BRDA:255,10,0,0
BRDA:255,10,1,0
BRDA:267,11,0,0
BRDA:267,11,1,0
BRDA:296,12,0,0
BRDA:296,12,1,0
BRF:26
BRH:0
end_of_record
TN:
SF:components/EditScreenInfo.tsx
FN:10,EditScreenInfo
FNF:1
FNH:0
FNDA:0,EditScreenInfo
DA:11,0
DA:49,0
LF:2
LH:0
BRF:0
BRH:0
end_of_record
TN:
SF:components/EditTags.tsx
FN:22,EditTags
FN:35,(anonymous_1)
FN:57,(anonymous_2)
FN:61,(anonymous_3)
FN:66,(anonymous_4)
FN:70,(anonymous_5)
FN:72,(anonymous_6)
FN:76,(anonymous_7)
FN:78,(anonymous_8)
FN:83,scrollViewSizeChanged
FN:88,(anonymous_10)
FN:92,(anonymous_11)
FN:159,(anonymous_12)
FN:164,(anonymous_13)
FN:177,(anonymous_14)
FN:181,(anonymous_15)
FN:184,(anonymous_16)
FN:199,(anonymous_17)
FNF:18
FNH:0
FNDA:0,EditTags
FNDA:0,(anonymous_1)
FNDA:0,(anonymous_2)
FNDA:0,(anonymous_3)
FNDA:0,(anonymous_4)
FNDA:0,(anonymous_5)
FNDA:0,(anonymous_6)
FNDA:0,(anonymous_7)
FNDA:0,(anonymous_8)
FNDA:0,scrollViewSizeChanged
FNDA:0,(anonymous_10)
FNDA:0,(anonymous_11)
FNDA:0,(anonymous_12)
FNDA:0,(anonymous_13)
FNDA:0,(anonymous_14)
FNDA:0,(anonymous_15)
FNDA:0,(anonymous_16)
FNDA:0,(anonymous_17)
DA:23,0
DA:24,0
DA:26,0
DA:27,0
DA:33,0
DA:35,0
DA:36,0
DA:39,0
DA:54,0
DA:55,0
DA:57,0
DA:58,0
DA:60,0
DA:61,0
DA:63,0
DA:66,0
DA:67,0
DA:70,0
DA:71,0
DA:72,0
DA:76,0
DA:77,0
DA:78,0
DA:79,0
DA:85,0
DA:88,0
DA:89,0
DA:91,0
DA:92,0
DA:93,0
DA:98,0
DA:101,0
DA:104,0
DA:107,0
DA:160,0
DA:165,0
DA:178,0
DA:182,0
DA:184,0
DA:200,0
DA:212,0
LF:41
LH:0
BRDA:71,0,0,0
BRDA:71,0,1,0
BRDA:77,1,0,0
BRDA:77,1,1,0
BRDA:77,2,0,0
BRDA:77,2,1,0
BRF:6
BRH:0
end_of_record
TN:
SF:components/ExternalLink.tsx
FN:6,ExternalLink
FN:18,(anonymous_1)
FNF:2
FNH:0
FNDA:0,ExternalLink
FNDA:0,(anonymous_1)
DA:9,0
DA:19,0
DA:21,0
DA:23,0
LF:4
LH:0
BRDA:19,0,0,0
BRDA:19,0,1,0
BRF:2
BRH:0
end_of_record
TN:
SF:components/Filters.tsx
FN:42,(anonymous_0)
FN:68,(anonymous_1)
FN:72,(anonymous_2)
FN:80,valuetext
FN:84,(anonymous_4)
FN:88,(anonymous_5)
FN:91,(anonymous_6)
FN:94,(anonymous_7)
FN:98,(anonymous_8)
FN:99,(anonymous_9)
FN:103,(anonymous_10)
FN:104,(anonymous_11)
FN:104,(anonymous_12)
FN:105,(anonymous_13)
FN:108,(anonymous_14)
FN:110,(anonymous_15)
FN:110,(anonymous_16)
FN:111,(anonymous_17)
FN:113,(anonymous_18)
FN:113,(anonymous_19)
FN:114,(anonymous_20)
FN:118,(anonymous_21)
FN:120,(anonymous_22)
FN:120,(anonymous_23)
FN:122,(anonymous_24)
FN:126,(anonymous_25)
FN:140,(anonymous_26)
FN:142,(anonymous_27)
FN:160,(anonymous_28)
FN:196,(anonymous_29)
FN:197,(anonymous_30)
FN:219,(anonymous_31)
FN:236,(anonymous_32)
FN:247,(anonymous_33)
FN:268,(anonymous_34)
FN:285,(anonymous_35)
FN:296,(anonymous_36)
FNF:37
FNH:0
FNDA:0,(anonymous_0)
FNDA:0,(anonymous_1)
FNDA:0,(anonymous_2)
FNDA:0,valuetext
FNDA:0,(anonymous_4)
FNDA:0,(anonymous_5)
FNDA:0,(anonymous_6)
FNDA:0,(anonymous_7)
FNDA:0,(anonymous_8)
FNDA:0,(anonymous_9)
FNDA:0,(anonymous_10)
FNDA:0,(anonymous_11)
FNDA:0,(anonymous_12)
FNDA:0,(anonymous_13)
FNDA:0,(anonymous_14)
FNDA:0,(anonymous_15)
FNDA:0,(anonymous_16)
FNDA:0,(anonymous_17)
FNDA:0,(anonymous_18)
FNDA:0,(anonymous_19)
FNDA:0,(anonymous_20)
FNDA:0,(anonymous_21)
FNDA:0,(anonymous_22)
FNDA:0,(anonymous_23)
FNDA:0,(anonymous_24)
FNDA:0,(anonymous_25)
FNDA:0,(anonymous_26)
FNDA:0,(anonymous_27)
FNDA:0,(anonymous_28)
FNDA:0,(anonymous_29)
FNDA:0,(anonymous_30)
FNDA:0,(anonymous_31)
FNDA:0,(anonymous_32)
FNDA:0,(anonymous_33)
FNDA:0,(anonymous_34)
FNDA:0,(anonymous_35)
FNDA:0,(anonymous_36)
DA:19,0
DA:42,0
DA:43,0
DA:44,0
DA:46,0
DA:48,0
DA:54,0
DA:55,0
DA:56,0
DA:62,0
DA:63,0
DA:64,0
DA:65,0
DA:66,0
DA:68,0
DA:69,0
DA:72,0
DA:73,0
DA:74,0
DA:75,0
DA:77,0
DA:81,0
DA:84,0
DA:85,0
DA:87,0
DA:88,0
DA:91,0
DA:93,0
DA:94,0
DA:98,0
DA:99,0
DA:100,0
DA:103,0
DA:104,0
DA:105,0
DA:108,0
DA:109,0
DA:110,0
DA:111,0
DA:113,0
DA:114,0
DA:118,0
DA:119,0
DA:120,0
DA:122,0
DA:126,0
DA:127,0
DA:129,0
DA:140,0
DA:142,0
DA:143,0
DA:144,0
DA:146,0
DA:160,0
DA:196,0
DA:198,0
DA:219,0
DA:237,0
DA:247,0
DA:268,0
DA:286,0
DA:296,0
DA:362,0
LF:63
LH:0
BRDA:73,0,0,0
BRDA:73,0,1,0
BRDA:109,1,0,0
BRDA:109,1,1,0
BRDA:119,2,0,0
BRDA:119,2,1,0
BRDA:161,3,0,0
BRDA:161,3,1,0
BRDA:175,4,0,0
BRDA:175,4,1,0
BRDA:220,5,0,0
BRDA:220,5,1,0
BRDA:234,6,0,0
BRDA:234,6,1,0
BRDA:241,7,0,0
BRDA:241,7,1,0
BRDA:269,8,0,0
BRDA:269,8,1,0
BRDA:283,9,0,0
BRDA:283,9,1,0
BRDA:290,10,0,0
BRDA:290,10,1,0
BRF:22
BRH:0
end_of_record
TN:
SF:components/Gifts.tsx
FN:80,(anonymous_0)
FN:83,(anonymous_1)
FN:119,(anonymous_2)
FN:146,(anonymous_3)
FN:147,(anonymous_4)
FNF:5
FNH:0
FNDA:0,(anonymous_0)
FNDA:0,(anonymous_1)
FNDA:0,(anonymous_2)
FNDA:0,(anonymous_3)
FNDA:0,(anonymous_4)
DA:14,0
DA:80,0
DA:81,0
DA:82,0
DA:83,0
DA:84,0
DA:101,0
DA:119,0
DA:146,0
DA:147,0
DA:154,0
LF:11
LH:0
BRDA:103,0,0,0
BRDA:103,0,1,0
BRDA:134,1,0,0
BRDA:134,1,1,0
BRF:4
BRH:0
end_of_record
TN:
SF:components/Header.tsx
FN:5,(anonymous_0)
FNF:1
FNH:0
FNDA:0,(anonymous_0)
DA:5,0
DA:6,0
LF:2
LH:0
BRF:0
BRH:0
end_of_record
TN:
SF:components/LandingPage.tsx
FN:11,(anonymous_0)
FN:52,(anonymous_1)
FN:66,(anonymous_2)
FNF:3
FNH:0
FNDA:0,(anonymous_0)
FNDA:0,(anonymous_1)
FNDA:0,(anonymous_2)
DA:11,0
DA:12,0
DA:13,0
DA:14,0
DA:52,0
DA:66,0
DA:82,0
LF:7
LH:0
BRF:0
BRH:0
end_of_record
TN:
SF:components/LoginScreen.tsx
FN:23,LoginScreen
FN:31,signInWithEmail
FN:46,signUpWithEmail
FN:52,(anonymous_3)
FN:85,(anonymous_4)
FN:108,(anonymous_5)
FN:121,(anonymous_6)
FNF:7
FNH:0
FNDA:0,LoginScreen
FNDA:0,signInWithEmail
FNDA:0,signUpWithEmail
FNDA:0,(anonymous_3)
FNDA:0,(anonymous_4)
FNDA:0,(anonymous_5)
FNDA:0,(anonymous_6)
DA:19,0
DA:20,0
DA:21,0
DA:24,0
DA:25,0
DA:26,0
DA:27,0
DA:28,0
DA:29,0
DA:32,0
DA:34,0
DA:38,0
DA:39,0
DA:40,0
DA:43,0
DA:47,0
DA:49,0
DA:52,0
DA:53,0
DA:56,0
DA:86,0
DA:108,0
DA:121,0
DA:168,0
LF:24
LH:0
BRDA:38,0,0,0
BRDA:38,0,1,0
BRDA:86,1,0,0
BRDA:86,1,1,0
BRF:4
BRH:0
end_of_record
TN:
SF:components/MainScreen.tsx
FN:51,MainScreen
FN:66,(anonymous_1)
FN:67,(anonymous_2)
FN:80,(anonymous_3)
FN:88,(anonymous_4)
FN:89,(anonymous_5)
FN:96,(anonymous_6)
FN:100,formatDate
FN:123,(anonymous_8)
FN:127,(anonymous_9)
FN:136,(anonymous_10)
FN:144,(anonymous_11)
FN:171,(anonymous_12)
FN:318,(anonymous_13)
FN:382,(anonymous_14)
FN:383,(anonymous_15)
FN:556,(anonymous_16)
FNF:17
FNH:0
FNDA:0,MainScreen
FNDA:0,(anonymous_1)
FNDA:0,(anonymous_2)
FNDA:0,(anonymous_3)
FNDA:0,(anonymous_4)
FNDA:0,(anonymous_5)
FNDA:0,(anonymous_6)
FNDA:0,formatDate
FNDA:0,(anonymous_8)
FNDA:0,(anonymous_9)
FNDA:0,(anonymous_10)
FNDA:0,(anonymous_11)
FNDA:0,(anonymous_12)
FNDA:0,(anonymous_13)
FNDA:0,(anonymous_14)
FNDA:0,(anonymous_15)
FNDA:0,(anonymous_16)
DA:28,0
DA:52,0
DA:53,0
DA:54,0
DA:55,0
DA:56,0
DA:57,0
DA:58,0
DA:59,0
DA:60,0
DA:61,0
DA:62,0
DA:63,0
DA:64,0
DA:66,0
DA:67,0
DA:68,0
DA:69,0
DA:70,0
DA:71,0
DA:73,0
DA:74,0
DA:77,0
DA:80,0
DA:88,0
DA:89,0
DA:90,0
DA:94,0
DA:96,0
DA:97,0
DA:101,0
DA:115,0
DA:116,0
DA:117,0
DA:118,0
DA:120,0
DA:123,0
DA:124,0
DA:125,0
DA:126,0
DA:128,0
DA:132,0
DA:136,0
DA:137,0
DA:139,0
DA:145,0
DA:172,0
DA:283,0
DA:318,0
DA:382,0
DA:383,0
DA:556,0
DA:579,0
LF:53
LH:0
BRDA:125,0,0,0
BRDA:125,0,1,0
BRDA:175,1,0,0
BRDA:175,1,1,0
BRDA:176,2,0,0
BRDA:176,2,1,0
BRDA:196,3,0,0
BRDA:196,3,1,0
BRDA:198,4,0,0
BRDA:198,4,1,0
BRDA:204,5,0,0
BRDA:204,5,1,0
BRDA:286,6,0,0
BRDA:286,6,1,0
BRDA:300,7,0,0
BRDA:300,7,1,0
BRDA:301,8,0,0
BRDA:301,8,1,0
BRDA:350,9,0,0
BRDA:350,9,1,0
BRDA:364,10,0,0
BRDA:364,10,1,0
BRDA:372,11,0,0
BRDA:372,11,1,0
BRDA:534,12,0,0
BRDA:534,12,1,0
BRF:26
BRH:0
end_of_record
TN:
SF:components/Profile.tsx
FN:27,UserProfileScreen
FN:34,(anonymous_1)
FN:53,(anonymous_2)
FN:57,(anonymous_3)
FN:66,(anonymous_4)
FN:104,(anonymous_5)
FN:114,(anonymous_6)
FN:124,(anonymous_7)
FNF:8
FNH:0
FNDA:0,UserProfileScreen
FNDA:0,(anonymous_1)
FNDA:0,(anonymous_2)
FNDA:0,(anonymous_3)
FNDA:0,(anonymous_4)
FNDA:0,(anonymous_5)
FNDA:0,(anonymous_6)
FNDA:0,(anonymous_7)
DA:1,0
DA:28,0
DA:29,0
DA:30,0
DA:31,0
DA:32,0
DA:34,0
DA:35,0
DA:36,0
DA:37,0
DA:38,0
DA:39,0
DA:44,0
DA:46,0
DA:49,0
DA:53,0
DA:54,0
DA:57,0
DA:58,0
DA:60,0
DA:66,0
DA:104,0
DA:114,0
DA:124,0
DA:147,0
LF:25
LH:0
BRDA:37,0,0,0
BRDA:37,0,1,0
BRDA:40,1,0,0
BRDA:40,1,1,0
BRDA:77,2,0,0
BRDA:77,2,1,0
BRDA:82,3,0,0
BRDA:82,3,1,0
BRDA:83,4,0,0
BRDA:83,4,1,0
BRDA:90,5,0,0
BRDA:90,5,1,0
BRDA:100,6,0,0
BRDA:100,6,1,0
BRDA:117,7,0,0
BRDA:117,7,1,0
BRDA:127,8,0,0
BRDA:127,8,1,0
BRDA:134,9,0,0
BRDA:134,9,1,0
BRF:20
BRH:0
end_of_record
TN:
SF:components/ProfileContent.tsx
FN:9,(anonymous_0)
FN:54,(anonymous_1)
FNF:2
FNH:0
FNDA:0,(anonymous_0)
FNDA:0,(anonymous_1)
DA:9,0
DA:10,0
DA:11,0
DA:13,0
DA:55,0
DA:83,0
LF:6
LH:0
BRDA:56,0,0,0
BRDA:56,0,1,0
BRF:2
BRH:0
end_of_record
TN:
SF:components/Reminders.tsx
FN:40,(anonymous_0)
FN:44,(anonymous_1)
FNF:2
FNH:0
FNDA:0,(anonymous_0)
FNDA:0,(anonymous_1)
DA:7,0
DA:40,0
DA:41,0
DA:42,0
DA:45,0
LF:5
LH:0
BRF:0
BRH:0
end_of_record
TN:
SF:components/Settings.tsx
FN:13,(anonymous_0)
FN:20,(anonymous_1)
FNF:2
FNH:0
FNDA:0,(anonymous_0)
FNDA:0,(anonymous_1)
DA:13,0
DA:14,0
DA:15,0
DA:16,0
DA:17,0
DA:18,0
DA:20,0
DA:21,0
DA:24,0
DA:63,0
LF:10
LH:0
BRF:0
BRH:0
end_of_record
TN:
SF:components/SignUpScreen.tsx
FN:17,SignUpScreen
FN:29,(anonymous_1)
FN:44,(anonymous_2)
FN:76,(anonymous_3)
FNF:4
FNH:0
FNDA:0,SignUpScreen
FNDA:0,(anonymous_1)
FNDA:0,(anonymous_2)
FNDA:0,(anonymous_3)
DA:18,0
DA:19,0
DA:20,0
DA:21,0
DA:22,0
DA:23,0
DA:24,0
DA:25,0
DA:26,0
DA:27,0
DA:29,0
DA:31,0
DA:44,0
DA:45,0
DA:46,0
DA:56,0
DA:57,0
DA:58,0
DA:62,0
DA:77,0
DA:194,0
LF:21
LH:0
BRDA:77,0,0,0
BRDA:77,0,1,0
BRF:2
BRH:0
end_of_record
TN:
SF:components/StyledText.tsx
FN:3,MonoText
FNF:1
FNH:1
FNDA:1,MonoText
DA:4,1
LF:1
LH:1
BRF:0
BRH:0
end_of_record
TN:
SF:components/Themed.tsx
FN:18,useThemeColor
FN:32,Text
FN:39,View
FNF:3
FNH:2
FNDA:1,useThemeColor
FNDA:1,Text
FNDA:0,View
DA:22,1
DA:23,1
DA:25,1
DA:26,0
DA:28,1
DA:33,1
DA:34,1
DA:36,1
DA:40,0
DA:41,0
DA:43,0
LF:11
LH:7
BRDA:22,0,0,1
BRDA:22,0,1,0
BRDA:25,1,0,0
BRDA:25,1,1,1
BRF:4
BRH:2
end_of_record
TN:
SF:components/TitleBack.tsx
FN:11,(anonymous_0)
FN:23,(anonymous_1)
FNF:2
FNH:0
FNDA:0,(anonymous_0)
FNDA:0,(anonymous_1)
DA:11,1
DA:12,0
DA:13,0
DA:14,0
DA:23,0
LF:5
LH:1
BRDA:20,0,0,0
BRDA:20,0,1,0
BRDA:29,1,0,0
BRDA:29,1,1,0
BRF:4
BRH:0
end_of_record
TN:
SF:components/TypingText.tsx
FN:4,(anonymous_0)
FN:8,(anonymous_1)
FN:9,(anonymous_2)
FN:11,(anonymous_3)
FN:18,(anonymous_4)
FNF:5
FNH:0
FNDA:0,(anonymous_0)
FNDA:0,(anonymous_1)
FNDA:0,(anonymous_2)
FNDA:0,(anonymous_3)
FNDA:0,(anonymous_4)
DA:4,0
DA:5,0
DA:6,0
DA:8,0
DA:9,0
DA:10,0
DA:11,0
DA:12,0
DA:14,0
DA:18,0
DA:21,0
LF:11
LH:0
BRDA:10,0,0,0
BRDA:10,0,1,0
BRF:2
BRH:0
end_of_record
TN:
SF:components/UserProfile.tsx
FN:18,UserProfile
FN:30,(anonymous_1)
FN:37,(anonymous_2)
FN:49,(anonymous_3)
FN:53,stringToArray
FN:67,(anonymous_5)
FN:87,(anonymous_6)
FN:94,(anonymous_7)
FN:98,(anonymous_8)
FN:107,replaceSpacesWithPlus
FN:111,generateGiftIdea
FN:140,(anonymous_11)
FN:141,(anonymous_12)
FN:169,(anonymous_13)
FN:210,(anonymous_14)
FNF:15
FNH:0
FNDA:0,UserProfile
FNDA:0,(anonymous_1)
FNDA:0,(anonymous_2)
FNDA:0,(anonymous_3)
FNDA:0,stringToArray
FNDA:0,(anonymous_5)
FNDA:0,(anonymous_6)
FNDA:0,(anonymous_7)
FNDA:0,(anonymous_8)
FNDA:0,replaceSpacesWithPlus
FNDA:0,generateGiftIdea
FNDA:0,(anonymous_11)
FNDA:0,(anonymous_12)
FNDA:0,(anonymous_13)
FNDA:0,(anonymous_14)
DA:19,0
DA:20,0
DA:21,0
DA:22,0
DA:23,0
DA:24,0
DA:25,0
DA:26,0
DA:28,0
DA:30,0
DA:31,0
DA:32,0
DA:33,0
DA:37,0
DA:38,0
DA:39,0
DA:41,0
DA:42,0
DA:45,0
DA:49,0
DA:50,0
DA:54,0
DA:55,0
DA:56,0
DA:57,0
DA:60,0
DA:62,0
DA:63,0
DA:67,0
DA:68,0
DA:70,0
DA:71,0
DA:72,0
DA:73,0
DA:74,0
DA:78,0
DA:81,0
DA:83,0
DA:87,0
DA:88,0
DA:89,0
DA:94,0
DA:95,0
DA:98,0
DA:108,0
DA:116,0
DA:118,0
DA:128,0
DA:137,0
DA:140,0
DA:141,0
DA:142,0
DA:145,0
DA:170,0
DA:210,0
DA:226,0
LF:56
LH:0
BRDA:31,0,0,0
BRDA:31,0,1,0
BRDA:41,1,0,0
BRDA:41,1,1,0
BRDA:56,2,0,0
BRDA:56,2,1,0
BRDA:73,3,0,0
BRDA:73,3,1,0
BRDA:194,4,0,0
BRDA:194,4,1,0
BRDA:208,5,0,0
BRDA:208,5,1,0
BRF:12
BRH:0
end_of_record
TN:
SF:components/skeletons/BirthdaySkeleton.tsx
FN:6,(anonymous_0)
FNF:1
FNH:0
FNDA:0,(anonymous_0)
DA:6,0
DA:7,0
DA:8,0
DA:74,0
LF:4
LH:0
BRF:0
BRH:0
end_of_record
TN:
SF:components/skeletons/ReminderSkeleton.tsx
FN:6,(anonymous_0)
FNF:1
FNH:0
FNDA:0,(anonymous_0)
DA:6,0
DA:7,0
DA:8,0
DA:28,0
LF:4
LH:0
BRF:0
BRH:0
end_of_record
TN:
SF:components/skeletons/SearchBarSkeleton.tsx
FN:6,(anonymous_0)
FNF:1
FNH:0
FNDA:0,(anonymous_0)
DA:6,0
DA:7,0
DA:15,0
LF:3
LH:0
BRF:0
BRH:0
end_of_record
TN:
SF:constants/Colors.ts
FNF:0
FNH:0
DA:1,1
DA:2,1
LF:2
LH:2
BRF:0
BRH:0
end_of_record
TN:
SF:constants/Data.ts
FNF:0
FNH:0
DA:1,0
LF:1
LH:0
BRF:0
BRH:0
end_of_record
TN:
SF:constants/Theme.ts
FNF:0
FNH:0
DA:1,1
DA:10,1
LF:2
LH:2
BRF:0
BRH:0
end_of_record
TN:
SF:constants/interfaces.ts
FNF:0
FNH:0
LF:0
LH:0
BRF:0
BRH:0
end_of_record
TN:
SF:data/mockData.ts
FNF:0
FNH:0
DA:1,1
LF:1
LH:1
BRF:0
BRH:0
end_of_record
TN:
SF:utilities/storage.ts
FN:4,(anonymous_0)
FNF:1
FNH:0
FNDA:0,(anonymous_0)
DA:4,0
DA:5,0
DA:6,0
DA:8,0
DA:9,0
DA:11,0
DA:14,0
DA:16,0
DA:17,0
DA:19,0
LF:10
LH:0
BRDA:5,0,0,0
BRDA:5,0,1,0
BRDA:8,1,0,0
BRDA:8,1,1,0
BRDA:16,2,0,0
BRDA:16,2,1,0
BRF:6
BRH:0
end_of_record
